---------------------------------------------------------------
[ 2017-12-30T10:20:11+08:00 ] ::1 ::1 GET /mall/admin/public/
[ info ] localhost/mall/admin/public/ [运行时间：2.069436s][吞吐率：0.48req/s] [内存消耗：1,634.12kb] [文件加载：46]
[ info ] [ LANG ] F:\phpstudy\WWW\mall\admin\thinkphp\lang\zh-cn.php
[ info ] [ ROUTE ] array (
  'type' => 'module',
  'module' => 
  array (
    0 => '',
    1 => NULL,
    2 => NULL,
  ),
)
[ info ] [ HEADER ] array (
  'cookie' => 'pgv_pvi=1496720384',
  'accept-language' => 'zh-CN,zh;q=0.8',
  'accept-encoding' => 'gzip, deflate, sdch',
  'referer' => 'http://localhost/mall/admin/',
  'user-agent' => 'Mozilla/5.0 (Windows NT 6.2; WOW64) AppleWebKit/537.36 (KHTML, like Gecko) Chrome/50.0.2657.3 Safari/537.36',
  'upgrade-insecure-requests' => '1',
  'accept' => 'text/html,application/xhtml+xml,application/xml;q=0.9,image/webp,*/*;q=0.8',
  'connection' => 'close',
  'host' => 'localhost',
)
[ info ] [ PARAM ] array (
)
[ info ] [ RUN ] app\index\controller\Index->index[ F:\phpstudy\WWW\mall\admin\application\index\controller\Index.php ]
[ info ] [ VIEW ] F:\phpstudy\WWW\mall\admin\public/../application/index\view\index\index.html [ array (
) ]
[ info ] [ LOG ] INIT File
---------------------------------------------------------------
[ 2017-12-30T10:20:11+08:00 ] ::1 ::1 GET /mall/admin/public/index/index/main.html
[ info ] localhost/mall/admin/public/index/index/main.html [运行时间：0.225033s][吞吐率：4.44req/s] [内存消耗：1,577.81kb] [文件加载：45]
[ info ] [ LANG ] F:\phpstudy\WWW\mall\admin\thinkphp\lang\zh-cn.php
[ info ] [ ROUTE ] array (
  'type' => 'module',
  'module' => 
  array (
    0 => 'index',
    1 => 'index',
    2 => 'main',
  ),
)
[ info ] [ HEADER ] array (
  'cookie' => 'pgv_pvi=1496720384',
  'accept-language' => 'zh-CN,zh;q=0.8',
  'accept-encoding' => 'gzip, deflate, sdch',
  'referer' => 'http://localhost/mall/admin/public/',
  'user-agent' => 'Mozilla/5.0 (Windows NT 6.2; WOW64) AppleWebKit/537.36 (KHTML, like Gecko) Chrome/50.0.2657.3 Safari/537.36',
  'upgrade-insecure-requests' => '1',
  'accept' => 'text/html,application/xhtml+xml,application/xml;q=0.9,image/webp,*/*;q=0.8',
  'connection' => 'close',
  'host' => 'localhost',
)
[ info ] [ PARAM ] array (
)
[ info ] [ RUN ] app\index\controller\Index->main[ F:\phpstudy\WWW\mall\admin\application\index\controller\Index.php ]
[ info ] [ VIEW ] F:\phpstudy\WWW\mall\admin\public/../application/index\view\index\main.html [ array (
) ]
[ info ] [ LOG ] INIT File
---------------------------------------------------------------
[ 2017-12-30T10:20:24+08:00 ] ::1 ::1 GET /mall/admin/public/index/login/log
[ info ] localhost/mall/admin/public/index/login/log [运行时间：0.080192s][吞吐率：12.47req/s] [内存消耗：1,575.77kb] [文件加载：44]
[ info ] [ LANG ] F:\phpstudy\WWW\mall\admin\thinkphp\lang\zh-cn.php
[ info ] [ ROUTE ] array (
  'type' => 'module',
  'module' => 
  array (
    0 => 'index',
    1 => 'login',
    2 => 'log',
  ),
)
[ info ] [ HEADER ] array (
  'cookie' => 'pgv_pvi=1496720384',
  'accept-language' => 'zh-CN,zh;q=0.8',
  'accept-encoding' => 'gzip, deflate, sdch',
  'user-agent' => 'Mozilla/5.0 (Windows NT 6.2; WOW64) AppleWebKit/537.36 (KHTML, like Gecko) Chrome/50.0.2657.3 Safari/537.36',
  'upgrade-insecure-requests' => '1',
  'accept' => 'text/html,application/xhtml+xml,application/xml;q=0.9,image/webp,*/*;q=0.8',
  'connection' => 'close',
  'host' => 'localhost',
)
[ info ] [ PARAM ] array (
)
[ info ] [ RUN ] app\index\controller\Login->log[ F:\phpstudy\WWW\mall\admin\application\index\controller\Login.php ]
[ info ] [ LOG ] INIT File
---------------------------------------------------------------
[ 2017-12-30T10:21:06+08:00 ] ::1 ::1 GET /mall/admin/public/index/login/log
[ info ] localhost/mall/admin/public/index/login/log [运行时间：0.075908s][吞吐率：13.17req/s] [内存消耗：1,498.23kb] [文件加载：42]
[ info ] [ LANG ] F:\phpstudy\WWW\mall\admin\thinkphp\lang\zh-cn.php
[ info ] [ ROUTE ] array (
  'type' => 'module',
  'module' => 
  array (
    0 => 'index',
    1 => 'login',
    2 => 'log',
  ),
)
[ info ] [ HEADER ] array (
  'cookie' => 'pgv_pvi=1496720384',
  'accept-language' => 'zh-CN,zh;q=0.8',
  'accept-encoding' => 'gzip, deflate, sdch',
  'user-agent' => 'Mozilla/5.0 (Windows NT 6.2; WOW64) AppleWebKit/537.36 (KHTML, like Gecko) Chrome/50.0.2657.3 Safari/537.36',
  'upgrade-insecure-requests' => '1',
  'accept' => 'text/html,application/xhtml+xml,application/xml;q=0.9,image/webp,*/*;q=0.8',
  'cache-control' => 'max-age=0',
  'connection' => 'close',
  'host' => 'localhost',
)
[ info ] [ PARAM ] array (
)
[ info ] [ RUN ] app\index\controller\Login->log[ F:\phpstudy\WWW\mall\admin\application\index\controller\Login.php ]
[ info ] [ LOG ] INIT File
---------------------------------------------------------------
[ 2017-12-30T10:21:44+08:00 ] ::1 ::1 GET /mall/admin/public/index/login/log
[ info ] localhost/mall/admin/public/index/login/log [运行时间：0.094926s][吞吐率：10.53req/s] [内存消耗：1,576.48kb] [文件加载：44]
[ info ] [ LANG ] F:\phpstudy\WWW\mall\admin\thinkphp\lang\zh-cn.php
[ info ] [ ROUTE ] array (
  'type' => 'module',
  'module' => 
  array (
    0 => 'index',
    1 => 'login',
    2 => 'log',
  ),
)
[ info ] [ HEADER ] array (
  'cookie' => 'pgv_pvi=1496720384',
  'accept-language' => 'zh-CN,zh;q=0.8',
  'accept-encoding' => 'gzip, deflate, sdch',
  'user-agent' => 'Mozilla/5.0 (Windows NT 6.2; WOW64) AppleWebKit/537.36 (KHTML, like Gecko) Chrome/50.0.2657.3 Safari/537.36',
  'upgrade-insecure-requests' => '1',
  'accept' => 'text/html,application/xhtml+xml,application/xml;q=0.9,image/webp,*/*;q=0.8',
  'cache-control' => 'no-cache',
  'pragma' => 'no-cache',
  'connection' => 'close',
  'host' => 'localhost',
)
[ info ] [ PARAM ] array (
)
[ info ] [ RUN ] app\index\controller\Login->log[ F:\phpstudy\WWW\mall\admin\application\index\controller\Login.php ]
[ info ] [ LOG ] INIT File
---------------------------------------------------------------
[ 2017-12-30T10:27:51+08:00 ] ::1 ::1 GET /mall/admin/public/index/login/log
[ info ] localhost/mall/admin/public/index/login/log [运行时间：0.106587s][吞吐率：9.38req/s] [内存消耗：1,499.76kb] [文件加载：42]
[ info ] [ LANG ] F:\phpstudy\WWW\mall\admin\thinkphp\lang\zh-cn.php
[ info ] [ ROUTE ] array (
  'type' => 'module',
  'module' => 
  array (
    0 => 'index',
    1 => 'login',
    2 => 'log',
  ),
)
[ info ] [ HEADER ] array (
  'cookie' => 'pgv_pvi=1496720384',
  'accept-language' => 'zh-CN,zh;q=0.8',
  'accept-encoding' => 'gzip, deflate, sdch',
  'user-agent' => 'Mozilla/5.0 (Windows NT 6.2; WOW64) AppleWebKit/537.36 (KHTML, like Gecko) Chrome/50.0.2657.3 Safari/537.36',
  'upgrade-insecure-requests' => '1',
  'accept' => 'text/html,application/xhtml+xml,application/xml;q=0.9,image/webp,*/*;q=0.8',
  'cache-control' => 'no-cache',
  'pragma' => 'no-cache',
  'connection' => 'close',
  'host' => 'localhost',
)
[ info ] [ PARAM ] array (
)
[ info ] [ RUN ] app\index\controller\Login->log[ F:\phpstudy\WWW\mall\admin\application\index\controller\Login.php ]
[ info ] [ LOG ] INIT File
---------------------------------------------------------------
[ 2017-12-30T10:28:09+08:00 ] ::1 ::1 GET /mall/admin/public/index/login/log
[ info ] localhost/mall/admin/public/index/login/log [运行时间：0.048079s][吞吐率：20.80req/s] [内存消耗：1,499.80kb] [文件加载：42]
[ info ] [ LANG ] F:\phpstudy\WWW\mall\admin\thinkphp\lang\zh-cn.php
[ info ] [ ROUTE ] array (
  'type' => 'module',
  'module' => 
  array (
    0 => 'index',
    1 => 'login',
    2 => 'log',
  ),
)
[ info ] [ HEADER ] array (
  'cookie' => 'pgv_pvi=1496720384',
  'accept-language' => 'zh-CN,zh;q=0.8',
  'accept-encoding' => 'gzip, deflate, sdch',
  'user-agent' => 'Mozilla/5.0 (Windows NT 6.2; WOW64) AppleWebKit/537.36 (KHTML, like Gecko) Chrome/50.0.2657.3 Safari/537.36',
  'upgrade-insecure-requests' => '1',
  'accept' => 'text/html,application/xhtml+xml,application/xml;q=0.9,image/webp,*/*;q=0.8',
  'cache-control' => 'no-cache',
  'pragma' => 'no-cache',
  'connection' => 'close',
  'host' => 'localhost',
)
[ info ] [ PARAM ] array (
)
[ info ] [ RUN ] app\index\controller\Login->log[ F:\phpstudy\WWW\mall\admin\application\index\controller\Login.php ]
[ info ] [ LOG ] INIT File
---------------------------------------------------------------
[ 2017-12-30T10:31:09+08:00 ] ::1 ::1 GET /mall/admin/public/index/login/log
[ info ] localhost/mall/admin/public/index/login/log [运行时间：0.076383s][吞吐率：13.09req/s] [内存消耗：1,499.80kb] [文件加载：42]
[ info ] [ LANG ] F:\phpstudy\WWW\mall\admin\thinkphp\lang\zh-cn.php
[ info ] [ ROUTE ] array (
  'type' => 'module',
  'module' => 
  array (
    0 => 'index',
    1 => 'login',
    2 => 'log',
  ),
)
[ info ] [ HEADER ] array (
  'cookie' => 'pgv_pvi=1496720384',
  'accept-language' => 'zh-CN,zh;q=0.8',
  'accept-encoding' => 'gzip, deflate, sdch',
  'user-agent' => 'Mozilla/5.0 (Windows NT 6.2; WOW64) AppleWebKit/537.36 (KHTML, like Gecko) Chrome/50.0.2657.3 Safari/537.36',
  'upgrade-insecure-requests' => '1',
  'accept' => 'text/html,application/xhtml+xml,application/xml;q=0.9,image/webp,*/*;q=0.8',
  'cache-control' => 'no-cache',
  'pragma' => 'no-cache',
  'connection' => 'close',
  'host' => 'localhost',
)
[ info ] [ PARAM ] array (
)
[ info ] [ RUN ] app\index\controller\Login->log[ F:\phpstudy\WWW\mall\admin\application\index\controller\Login.php ]
[ info ] [ LOG ] INIT File
---------------------------------------------------------------
[ 2017-12-30T10:31:40+08:00 ] ::1 ::1 GET /mall/admin/public/
[ info ] localhost/mall/admin/public/ [运行时间：0.079407s][吞吐率：12.59req/s] [内存消耗：1,634.55kb] [文件加载：46]
[ info ] [ LANG ] F:\phpstudy\WWW\mall\admin\thinkphp\lang\zh-cn.php
[ info ] [ ROUTE ] array (
  'type' => 'module',
  'module' => 
  array (
    0 => '',
    1 => NULL,
    2 => NULL,
  ),
)
[ info ] [ HEADER ] array (
  'cookie' => 'pgv_pvi=1496720384',
  'accept-language' => 'zh-CN,zh;q=0.8',
  'accept-encoding' => 'gzip, deflate, sdch',
  'referer' => 'http://localhost/mall/admin/',
  'user-agent' => 'Mozilla/5.0 (Windows NT 6.2; WOW64) AppleWebKit/537.36 (KHTML, like Gecko) Chrome/50.0.2657.3 Safari/537.36',
  'upgrade-insecure-requests' => '1',
  'accept' => 'text/html,application/xhtml+xml,application/xml;q=0.9,image/webp,*/*;q=0.8',
  'cache-control' => 'no-cache',
  'pragma' => 'no-cache',
  'connection' => 'close',
  'host' => 'localhost',
)
[ info ] [ PARAM ] array (
)
[ info ] [ RUN ] app\index\controller\Index->index[ F:\phpstudy\WWW\mall\admin\application\index\controller\Index.php ]
[ info ] [ VIEW ] F:\phpstudy\WWW\mall\admin\public/../application/index\view\index\index.html [ array (
) ]
[ info ] [ LOG ] INIT File
---------------------------------------------------------------
[ 2017-12-30T10:31:40+08:00 ] ::1 ::1 GET /mall/admin/public/index/index/main.html
[ info ] localhost/mall/admin/public/index/index/main.html [运行时间：0.213160s][吞吐率：4.69req/s] [内存消耗：1,578.30kb] [文件加载：45]
[ info ] [ LANG ] F:\phpstudy\WWW\mall\admin\thinkphp\lang\zh-cn.php
[ info ] [ ROUTE ] array (
  'type' => 'module',
  'module' => 
  array (
    0 => 'index',
    1 => 'index',
    2 => 'main',
  ),
)
[ info ] [ HEADER ] array (
  'cookie' => 'pgv_pvi=1496720384',
  'accept-language' => 'zh-CN,zh;q=0.8',
  'accept-encoding' => 'gzip, deflate, sdch',
  'referer' => 'http://localhost/mall/admin/public/',
  'user-agent' => 'Mozilla/5.0 (Windows NT 6.2; WOW64) AppleWebKit/537.36 (KHTML, like Gecko) Chrome/50.0.2657.3 Safari/537.36',
  'upgrade-insecure-requests' => '1',
  'accept' => 'text/html,application/xhtml+xml,application/xml;q=0.9,image/webp,*/*;q=0.8',
  'cache-control' => 'no-cache',
  'pragma' => 'no-cache',
  'connection' => 'close',
  'host' => 'localhost',
)
[ info ] [ PARAM ] array (
)
[ info ] [ RUN ] app\index\controller\Index->main[ F:\phpstudy\WWW\mall\admin\application\index\controller\Index.php ]
[ info ] [ VIEW ] F:\phpstudy\WWW\mall\admin\public/../application/index\view\index\main.html [ array (
) ]
[ info ] [ LOG ] INIT File
