---------------------------------------------------------------
[ 2018-01-05T18:25:40+08:00 ] ::1 ::1 GET /sugoo/admin/public/
[ info ] localhost/sugoo/admin/public/ [运行时间：3.849900s][吞吐率：0.26req/s] [内存消耗：1,384.66kb] [文件加载：46]
[ info ] [ LANG ] F:\phpstudy\WWW\sugoo\admin\thinkphp\lang\zh-cn.php
[ info ] [ ROUTE ] array (
  'type' => 'module',
  'module' => 
  array (
    0 => '',
    1 => NULL,
    2 => NULL,
  ),
)
[ info ] [ HEADER ] array (
  'cookie' => 'PHPSESSID=rhp2q49mgm2uqurp2ap0abeli2',
  'accept-language' => 'zh-CN,zh;q=0.8',
  'accept-encoding' => 'gzip, deflate, sdch',
  'referer' => 'http://localhost/sugoo/admin/',
  'user-agent' => 'Mozilla/5.0 (Windows NT 6.2; WOW64) AppleWebKit/537.36 (KHTML, like Gecko) Chrome/50.0.2657.3 Safari/537.36',
  'upgrade-insecure-requests' => '1',
  'accept' => 'text/html,application/xhtml+xml,application/xml;q=0.9,image/webp,*/*;q=0.8',
  'connection' => 'close',
  'host' => 'localhost',
)
[ info ] [ PARAM ] array (
)
[ info ] [ RUN ] app\index\controller\Index->index[ F:\phpstudy\WWW\sugoo\admin\application\index\controller\Index.php ]
[ info ] [ VIEW ] F:\phpstudy\WWW\sugoo\admin\public/../application/index\view\index\index.html [ array (
) ]
[ info ] [ LOG ] INIT File
---------------------------------------------------------------
[ 2018-01-05T18:25:57+08:00 ] ::1 ::1 GET /sugoo/admin/public/index/index/user
[ info ] localhost/sugoo/admin/public/index/index/user [运行时间：0.794728s][吞吐率：1.26req/s] [内存消耗：1,363.32kb] [文件加载：47]
[ info ] [ LANG ] F:\phpstudy\WWW\sugoo\admin\thinkphp\lang\zh-cn.php
[ info ] [ ROUTE ] array (
  'type' => 'module',
  'module' => 
  array (
    0 => 'index',
    1 => 'index',
    2 => 'user',
  ),
)
[ info ] [ HEADER ] array (
  'cookie' => 'PHPSESSID=rhp2q49mgm2uqurp2ap0abeli2',
  'accept-language' => 'zh-CN,zh;q=0.8',
  'accept-encoding' => 'gzip, deflate, sdch',
  'user-agent' => 'Mozilla/5.0 (Windows NT 6.2; WOW64) AppleWebKit/537.36 (KHTML, like Gecko) Chrome/50.0.2657.3 Safari/537.36',
  'upgrade-insecure-requests' => '1',
  'accept' => 'text/html,application/xhtml+xml,application/xml;q=0.9,image/webp,*/*;q=0.8',
  'connection' => 'close',
  'host' => 'localhost',
)
[ info ] [ PARAM ] array (
)
[ info ] [ LOG ] INIT File
---------------------------------------------------------------
[ 2018-01-05T18:26:49+08:00 ] ::1 ::1 GET /sugoo/admin/public/index/user/index
[ info ] localhost/sugoo/admin/public/index/user/index [运行时间：0.111621s][吞吐率：8.96req/s] [内存消耗：1,359.83kb] [文件加载：45]
[ info ] [ LANG ] F:\phpstudy\WWW\sugoo\admin\thinkphp\lang\zh-cn.php
[ info ] [ ROUTE ] array (
  'type' => 'module',
  'module' => 
  array (
    0 => 'index',
    1 => 'user',
    2 => 'index',
  ),
)
[ info ] [ HEADER ] array (
  'cookie' => 'PHPSESSID=rhp2q49mgm2uqurp2ap0abeli2',
  'accept-language' => 'zh-CN,zh;q=0.8',
  'accept-encoding' => 'gzip, deflate, sdch',
  'user-agent' => 'Mozilla/5.0 (Windows NT 6.2; WOW64) AppleWebKit/537.36 (KHTML, like Gecko) Chrome/50.0.2657.3 Safari/537.36',
  'upgrade-insecure-requests' => '1',
  'accept' => 'text/html,application/xhtml+xml,application/xml;q=0.9,image/webp,*/*;q=0.8',
  'connection' => 'close',
  'host' => 'localhost',
)
[ info ] [ PARAM ] array (
)
[ info ] [ RUN ] app\index\controller\User->index[ F:\phpstudy\WWW\sugoo\admin\application\index\controller\User.php ]
[ info ] [ LOG ] INIT File
---------------------------------------------------------------
[ 2018-01-05T18:27:32+08:00 ] ::1 ::1 GET /sugoo/admin/public/index/user/index
[ info ] localhost/sugoo/admin/public/index/user/index [运行时间：2.104753s][吞吐率：0.48req/s] [内存消耗：2,238.09kb] [文件加载：57]
[ info ] [ LANG ] F:\phpstudy\WWW\sugoo\admin\thinkphp\lang\zh-cn.php
[ info ] [ ROUTE ] array (
  'type' => 'module',
  'module' => 
  array (
    0 => 'index',
    1 => 'user',
    2 => 'index',
  ),
)
[ info ] [ HEADER ] array (
  'cookie' => 'PHPSESSID=rhp2q49mgm2uqurp2ap0abeli2',
  'accept-language' => 'zh-CN,zh;q=0.8',
  'accept-encoding' => 'gzip, deflate, sdch',
  'user-agent' => 'Mozilla/5.0 (Windows NT 6.2; WOW64) AppleWebKit/537.36 (KHTML, like Gecko) Chrome/50.0.2657.3 Safari/537.36',
  'upgrade-insecure-requests' => '1',
  'accept' => 'text/html,application/xhtml+xml,application/xml;q=0.9,image/webp,*/*;q=0.8',
  'cache-control' => 'max-age=0',
  'connection' => 'close',
  'host' => 'localhost',
)
[ info ] [ PARAM ] array (
)
[ info ] [ RUN ] app\index\controller\User->index[ F:\phpstudy\WWW\sugoo\admin\application\index\controller\User.php ]
[ info ] [ DB ] INIT mysql
[ info ] [ LOG ] INIT File
[ sql ] [ DB ] CONNECT:[ UseTime:0.556591s ] mysql:host=127.0.0.1;port=3306;dbname=shop_mall;charset=utf8
[ sql ] [ SQL ] SHOW COLUMNS FROM `su_cupon_batch` [ RunTime:0.472295s ]
[ sql ] [ SQL ] SELECT COUNT(*) AS tp_count FROM `su_cupon_batch` LIMIT 1 [ RunTime:0.051736s ]
[ sql ] [ SQL ] SELECT * FROM `su_cupon_batch` ORDER BY cu_id asc LIMIT 0,3 [ RunTime:0.001182s ]
[ error ] [0]模板文件不存在:F:\phpstudy\WWW\sugoo\admin\public/../application/index\view\user\cupon.html[F:\phpstudy\WWW\sugoo\admin\thinkphp\library\think\view\driver\Think.php:80]
---------------------------------------------------------------
[ 2018-01-05T18:28:13+08:00 ] ::1 ::1 GET /sugoo/admin/public/index/user/index
[ info ] localhost/sugoo/admin/public/index/user/index [运行时间：0.334879s][吞吐率：2.99req/s] [内存消耗：1,409.91kb] [文件加载：45]
[ info ] [ LANG ] F:\phpstudy\WWW\sugoo\admin\thinkphp\lang\zh-cn.php
[ info ] [ ROUTE ] array (
  'type' => 'module',
  'module' => 
  array (
    0 => 'index',
    1 => 'user',
    2 => 'index',
  ),
)
[ info ] [ HEADER ] array (
  'cookie' => 'PHPSESSID=rhp2q49mgm2uqurp2ap0abeli2',
  'accept-language' => 'zh-CN,zh;q=0.8',
  'accept-encoding' => 'gzip, deflate, sdch',
  'user-agent' => 'Mozilla/5.0 (Windows NT 6.2; WOW64) AppleWebKit/537.36 (KHTML, like Gecko) Chrome/50.0.2657.3 Safari/537.36',
  'upgrade-insecure-requests' => '1',
  'accept' => 'text/html,application/xhtml+xml,application/xml;q=0.9,image/webp,*/*;q=0.8',
  'cache-control' => 'max-age=0',
  'connection' => 'close',
  'host' => 'localhost',
)
[ info ] [ PARAM ] array (
)
[ info ] [ RUN ] app\index\controller\User->index[ F:\phpstudy\WWW\sugoo\admin\application\index\controller\User.php ]
[ info ] [ SESSION ] INIT array (
  'id' => '',
  'var_session_id' => '',
  'prefix' => 'think',
  'type' => '',
  'auto_start' => true,
)
[ info ] [ LOG ] INIT File
---------------------------------------------------------------
[ 2018-01-05T18:30:39+08:00 ] ::1 ::1 GET /sugoo/admin/public/index/user/index
[ info ] localhost/sugoo/admin/public/index/user/index [运行时间：0.278640s][吞吐率：3.59req/s] [内存消耗：1,162.21kb] [文件加载：41]
[ info ] [ LANG ] F:\phpstudy\WWW\sugoo\admin\thinkphp\lang\zh-cn.php
[ info ] [ ROUTE ] array (
  'type' => 'module',
  'module' => 
  array (
    0 => 'index',
    1 => 'user',
    2 => 'index',
  ),
)
[ info ] [ HEADER ] array (
  'cookie' => 'PHPSESSID=rhp2q49mgm2uqurp2ap0abeli2',
  'accept-language' => 'zh-CN,zh;q=0.8',
  'accept-encoding' => 'gzip, deflate, sdch',
  'user-agent' => 'Mozilla/5.0 (Windows NT 6.2; WOW64) AppleWebKit/537.36 (KHTML, like Gecko) Chrome/50.0.2657.3 Safari/537.36',
  'upgrade-insecure-requests' => '1',
  'accept' => 'text/html,application/xhtml+xml,application/xml;q=0.9,image/webp,*/*;q=0.8',
  'cache-control' => 'max-age=0',
  'connection' => 'close',
  'host' => 'localhost',
)
[ info ] [ PARAM ] array (
)
[ info ] [ LOG ] INIT File
[ error ] [4]语法错误: unexpected 'use' (T_USE)[F:\phpstudy\WWW\sugoo\admin\application\index\controller\User.php:9]
