---------------------------------------------------------------
[ 2018-01-07T18:26:14+08:00 ] ::1 ::1 GET /sugoo/admin/public/
[ info ] localhost/sugoo/admin/public/ [运行时间：2.725342s][吞吐率：0.37req/s] [内存消耗：1,384.64kb] [文件加载：46]
[ info ] [ LANG ] F:\phpstudy\WWW\sugoo\admin\thinkphp\lang\zh-cn.php
[ info ] [ ROUTE ] array (
  'type' => 'module',
  'module' => 
  array (
    0 => '',
    1 => NULL,
    2 => NULL,
  ),
)
[ info ] [ HEADER ] array (
  'upgrade-insecure-requests' => '1',
  'connection' => 'close',
  'cookie' => 'pgv_pvi=3095578624; ts_uid=6399007336; m=34e2:',
  'referer' => 'http://localhost/sugoo/admin/',
  'accept-encoding' => 'gzip, deflate',
  'accept-language' => 'zh-CN,zh;q=0.8,zh-TW;q=0.7,zh-HK;q=0.5,en-US;q=0.3,en;q=0.2',
  'accept' => 'text/html,application/xhtml+xml,application/xml;q=0.9,*/*;q=0.8',
  'user-agent' => 'Mozilla/5.0 (Windows NT 6.2; WOW64; rv:57.0) Gecko/20100101 Firefox/57.0',
  'host' => 'localhost',
)
[ info ] [ PARAM ] array (
)
[ info ] [ RUN ] app\index\controller\Index->index[ F:\phpstudy\WWW\sugoo\admin\application\index\controller\Index.php ]
[ info ] [ VIEW ] F:\phpstudy\WWW\sugoo\admin\public/../application/index\view\index\index.html [ array (
) ]
[ info ] [ LOG ] INIT File
