---------------------------------------------------------------
[ 2018-01-08T20:45:26+08:00 ] ::1 ::1 GET /sugoo/admin/public/
[ info ] localhost/sugoo/admin/public/ [运行时间：2.696585s][吞吐率：0.37req/s] [内存消耗：1,386.80kb] [文件加载：46]
[ info ] [ LANG ] F:\phpstudy\WWW\sugoo\admin\thinkphp\lang\zh-cn.php
[ info ] [ ROUTE ] array (
  'type' => 'module',
  'module' => 
  array (
    0 => '',
    1 => NULL,
    2 => NULL,
  ),
)
[ info ] [ HEADER ] array (
  'cookie' => 'XSRF-TOKEN=eyJpdiI6InUySnlHTkFzNEZcL0VCWmIxclN5SDlnPT0iLCJ2YWx1ZSI6ImdaR2JHZm1TTXZBRHRcL3FBSWhBREZFaXRSTlZMZTZaU293OTF1WUt6OHBMbWhYNlR2Z21mXC9ZMFNSdEVxWGJ1YWVaVlRXcGtYWWNsQUVmTWw2ckUzTXc9PSIsIm1hYyI6ImFmMTliOWQ3M2I4NWQ1YzQxNjkyNzIyMzlhZmZhNTdlZjNiNWE2YWM3ZDVjZjhmZDJhMjFkMTg1OWMzNzVkNGYifQ%3D%3D; laravel_session=eyJpdiI6IjJJTlp0NHlMMFNQNzFNVlpHUlRWZ0E9PSIsInZhbHVlIjoidDZwOXFMQzBVakNQb21jWWxzOGROaFQxN2EzWGNsd1VJczh3NFVzckRYcVRFRDg1bTVNY0FRcjBLQzM0aUIzS0hwRU02U0JJem80T1dVUE1LOFBtMlE9PSIsIm1hYyI6IjE0NDIyOTM1YTkxYzMzODhlMjk1NzdmZTA3ZGE2MWJkNzgyZWQ3YzE3MDFmMGRmZTJhMmJhZmY2NDZjYzI0NmEifQ%3D%3D',
  'accept-language' => 'zh-CN,zh;q=0.8',
  'accept-encoding' => 'gzip, deflate, sdch',
  'referer' => 'http://localhost/sugoo/admin/',
  'user-agent' => 'Mozilla/5.0 (Windows NT 6.2; WOW64) AppleWebKit/537.36 (KHTML, like Gecko) Chrome/50.0.2657.3 Safari/537.36',
  'upgrade-insecure-requests' => '1',
  'accept' => 'text/html,application/xhtml+xml,application/xml;q=0.9,image/webp,*/*;q=0.8',
  'connection' => 'close',
  'host' => 'localhost',
)
[ info ] [ PARAM ] array (
)
[ info ] [ RUN ] app\index\controller\Index->index[ F:\phpstudy\WWW\sugoo\admin\application\index\controller\Index.php ]
[ info ] [ VIEW ] F:\phpstudy\WWW\sugoo\admin\public/../application/index\view\index\index.html [ array (
) ]
[ info ] [ LOG ] INIT File
---------------------------------------------------------------
[ 2018-01-08T20:45:31+08:00 ] ::1 ::1 GET /sugoo/admin/public/index/marketing/index.html
[ info ] localhost/sugoo/admin/public/index/marketing/index.html [运行时间：0.336827s][吞吐率：2.97req/s] [内存消耗：1,390.73kb] [文件加载：46]
[ info ] [ LANG ] F:\phpstudy\WWW\sugoo\admin\thinkphp\lang\zh-cn.php
[ info ] [ ROUTE ] array (
  'type' => 'module',
  'module' => 
  array (
    0 => 'index',
    1 => 'marketing',
    2 => 'index',
  ),
)
[ info ] [ HEADER ] array (
  'cookie' => 'XSRF-TOKEN=eyJpdiI6InUySnlHTkFzNEZcL0VCWmIxclN5SDlnPT0iLCJ2YWx1ZSI6ImdaR2JHZm1TTXZBRHRcL3FBSWhBREZFaXRSTlZMZTZaU293OTF1WUt6OHBMbWhYNlR2Z21mXC9ZMFNSdEVxWGJ1YWVaVlRXcGtYWWNsQUVmTWw2ckUzTXc9PSIsIm1hYyI6ImFmMTliOWQ3M2I4NWQ1YzQxNjkyNzIyMzlhZmZhNTdlZjNiNWE2YWM3ZDVjZjhmZDJhMjFkMTg1OWMzNzVkNGYifQ%3D%3D; laravel_session=eyJpdiI6IjJJTlp0NHlMMFNQNzFNVlpHUlRWZ0E9PSIsInZhbHVlIjoidDZwOXFMQzBVakNQb21jWWxzOGROaFQxN2EzWGNsd1VJczh3NFVzckRYcVRFRDg1bTVNY0FRcjBLQzM0aUIzS0hwRU02U0JJem80T1dVUE1LOFBtMlE9PSIsIm1hYyI6IjE0NDIyOTM1YTkxYzMzODhlMjk1NzdmZTA3ZGE2MWJkNzgyZWQ3YzE3MDFmMGRmZTJhMmJhZmY2NDZjYzI0NmEifQ%3D%3D',
  'accept-language' => 'zh-CN,zh;q=0.8',
  'accept-encoding' => 'gzip, deflate, sdch',
  'referer' => 'http://localhost/sugoo/admin/public/',
  'user-agent' => 'Mozilla/5.0 (Windows NT 6.2; WOW64) AppleWebKit/537.36 (KHTML, like Gecko) Chrome/50.0.2657.3 Safari/537.36',
  'upgrade-insecure-requests' => '1',
  'accept' => 'text/html,application/xhtml+xml,application/xml;q=0.9,image/webp,*/*;q=0.8',
  'connection' => 'close',
  'host' => 'localhost',
)
[ info ] [ PARAM ] array (
)
[ info ] [ RUN ] app\index\controller\Marketing->index[ F:\phpstudy\WWW\sugoo\admin\application\index\controller\Marketing.php ]
[ info ] [ VIEW ] F:\phpstudy\WWW\sugoo\admin\public/../application/index\view\marketing\marketing.html [ array (
) ]
[ info ] [ LOG ] INIT File
---------------------------------------------------------------
[ 2018-01-08T20:45:35+08:00 ] ::1 ::1 GET /sugoo/admin/public/index/cupon/index.html
[ info ] localhost/sugoo/admin/public/index/cupon/index.html [运行时间：1.119165s][吞吐率：0.89req/s] [内存消耗：2,401.80kb] [文件加载：57]
[ info ] [ LANG ] F:\phpstudy\WWW\sugoo\admin\thinkphp\lang\zh-cn.php
[ info ] [ ROUTE ] array (
  'type' => 'module',
  'module' => 
  array (
    0 => 'index',
    1 => 'cupon',
    2 => 'index',
  ),
)
[ info ] [ HEADER ] array (
  'cookie' => 'XSRF-TOKEN=eyJpdiI6InUySnlHTkFzNEZcL0VCWmIxclN5SDlnPT0iLCJ2YWx1ZSI6ImdaR2JHZm1TTXZBRHRcL3FBSWhBREZFaXRSTlZMZTZaU293OTF1WUt6OHBMbWhYNlR2Z21mXC9ZMFNSdEVxWGJ1YWVaVlRXcGtYWWNsQUVmTWw2ckUzTXc9PSIsIm1hYyI6ImFmMTliOWQ3M2I4NWQ1YzQxNjkyNzIyMzlhZmZhNTdlZjNiNWE2YWM3ZDVjZjhmZDJhMjFkMTg1OWMzNzVkNGYifQ%3D%3D; laravel_session=eyJpdiI6IjJJTlp0NHlMMFNQNzFNVlpHUlRWZ0E9PSIsInZhbHVlIjoidDZwOXFMQzBVakNQb21jWWxzOGROaFQxN2EzWGNsd1VJczh3NFVzckRYcVRFRDg1bTVNY0FRcjBLQzM0aUIzS0hwRU02U0JJem80T1dVUE1LOFBtMlE9PSIsIm1hYyI6IjE0NDIyOTM1YTkxYzMzODhlMjk1NzdmZTA3ZGE2MWJkNzgyZWQ3YzE3MDFmMGRmZTJhMmJhZmY2NDZjYzI0NmEifQ%3D%3D',
  'accept-language' => 'zh-CN,zh;q=0.8',
  'accept-encoding' => 'gzip, deflate, sdch',
  'referer' => 'http://localhost/sugoo/admin/public/index/marketing/index.html',
  'user-agent' => 'Mozilla/5.0 (Windows NT 6.2; WOW64) AppleWebKit/537.36 (KHTML, like Gecko) Chrome/50.0.2657.3 Safari/537.36',
  'upgrade-insecure-requests' => '1',
  'accept' => 'text/html,application/xhtml+xml,application/xml;q=0.9,image/webp,*/*;q=0.8',
  'connection' => 'close',
  'host' => 'localhost',
)
[ info ] [ PARAM ] array (
)
[ info ] [ RUN ] app\index\controller\Cupon->index[ F:\phpstudy\WWW\sugoo\admin\application\index\controller\Cupon.php ]
[ info ] [ DB ] INIT mysql
[ info ] [ VIEW ] F:\phpstudy\WWW\sugoo\admin\public/../application/index\view\cupon\cupon.html [ array (
  0 => 'page_info',
  1 => 'page_str',
) ]
[ info ] [ LOG ] INIT File
[ sql ] [ DB ] CONNECT:[ UseTime:0.023984s ] mysql:host=127.0.0.1;port=3306;dbname=shop_mall;charset=utf8
[ sql ] [ SQL ] SHOW COLUMNS FROM `su_cupon_batch` [ RunTime:0.186012s ]
[ sql ] [ SQL ] SELECT COUNT(*) AS tp_count FROM `su_cupon_batch` LIMIT 1 [ RunTime:0.010032s ]
[ sql ] [ SQL ] SELECT * FROM `su_cupon_batch` ORDER BY cu_id asc LIMIT 0,3 [ RunTime:0.001234s ]
---------------------------------------------------------------
[ 2018-01-08T20:45:58+08:00 ] ::1 ::1 GET /sugoo/admin/public/index/cupon/add.html
[ info ] localhost/sugoo/admin/public/index/cupon/add.html [运行时间：0.227539s][吞吐率：4.39req/s] [内存消耗：2,203.98kb] [文件加载：54]
[ info ] [ LANG ] F:\phpstudy\WWW\sugoo\admin\thinkphp\lang\zh-cn.php
[ info ] [ ROUTE ] array (
  'type' => 'module',
  'module' => 
  array (
    0 => 'index',
    1 => 'cupon',
    2 => 'add',
  ),
)
[ info ] [ HEADER ] array (
  'cookie' => 'XSRF-TOKEN=eyJpdiI6InUySnlHTkFzNEZcL0VCWmIxclN5SDlnPT0iLCJ2YWx1ZSI6ImdaR2JHZm1TTXZBRHRcL3FBSWhBREZFaXRSTlZMZTZaU293OTF1WUt6OHBMbWhYNlR2Z21mXC9ZMFNSdEVxWGJ1YWVaVlRXcGtYWWNsQUVmTWw2ckUzTXc9PSIsIm1hYyI6ImFmMTliOWQ3M2I4NWQ1YzQxNjkyNzIyMzlhZmZhNTdlZjNiNWE2YWM3ZDVjZjhmZDJhMjFkMTg1OWMzNzVkNGYifQ%3D%3D; laravel_session=eyJpdiI6IjJJTlp0NHlMMFNQNzFNVlpHUlRWZ0E9PSIsInZhbHVlIjoidDZwOXFMQzBVakNQb21jWWxzOGROaFQxN2EzWGNsd1VJczh3NFVzckRYcVRFRDg1bTVNY0FRcjBLQzM0aUIzS0hwRU02U0JJem80T1dVUE1LOFBtMlE9PSIsIm1hYyI6IjE0NDIyOTM1YTkxYzMzODhlMjk1NzdmZTA3ZGE2MWJkNzgyZWQ3YzE3MDFmMGRmZTJhMmJhZmY2NDZjYzI0NmEifQ%3D%3D',
  'accept-language' => 'zh-CN,zh;q=0.8',
  'accept-encoding' => 'gzip, deflate, sdch',
  'referer' => 'http://localhost/sugoo/admin/public/index/cupon/index.html',
  'user-agent' => 'Mozilla/5.0 (Windows NT 6.2; WOW64) AppleWebKit/537.36 (KHTML, like Gecko) Chrome/50.0.2657.3 Safari/537.36',
  'upgrade-insecure-requests' => '1',
  'accept' => 'text/html,application/xhtml+xml,application/xml;q=0.9,image/webp,*/*;q=0.8',
  'connection' => 'close',
  'host' => 'localhost',
)
[ info ] [ PARAM ] array (
)
[ info ] [ RUN ] app\index\controller\Cupon->add[ F:\phpstudy\WWW\sugoo\admin\application\index\controller\Cupon.php ]
[ info ] [ DB ] INIT mysql
[ info ] [ VIEW ] F:\phpstudy\WWW\sugoo\admin\public/../application/index\view\cupon\addcupon.html [ array (
) ]
[ info ] [ LOG ] INIT File
---------------------------------------------------------------
[ 2018-01-08T20:46:16+08:00 ] ::1 ::1 GET /sugoo/admin/public/index/cupon/index.html
[ info ] localhost/sugoo/admin/public/index/cupon/index.html [运行时间：0.265737s][吞吐率：3.76req/s] [内存消耗：2,261.95kb] [文件加载：55]
[ info ] [ LANG ] F:\phpstudy\WWW\sugoo\admin\thinkphp\lang\zh-cn.php
[ info ] [ ROUTE ] array (
  'type' => 'module',
  'module' => 
  array (
    0 => 'index',
    1 => 'cupon',
    2 => 'index',
  ),
)
[ info ] [ HEADER ] array (
  'cookie' => 'XSRF-TOKEN=eyJpdiI6InUySnlHTkFzNEZcL0VCWmIxclN5SDlnPT0iLCJ2YWx1ZSI6ImdaR2JHZm1TTXZBRHRcL3FBSWhBREZFaXRSTlZMZTZaU293OTF1WUt6OHBMbWhYNlR2Z21mXC9ZMFNSdEVxWGJ1YWVaVlRXcGtYWWNsQUVmTWw2ckUzTXc9PSIsIm1hYyI6ImFmMTliOWQ3M2I4NWQ1YzQxNjkyNzIyMzlhZmZhNTdlZjNiNWE2YWM3ZDVjZjhmZDJhMjFkMTg1OWMzNzVkNGYifQ%3D%3D; laravel_session=eyJpdiI6IjJJTlp0NHlMMFNQNzFNVlpHUlRWZ0E9PSIsInZhbHVlIjoidDZwOXFMQzBVakNQb21jWWxzOGROaFQxN2EzWGNsd1VJczh3NFVzckRYcVRFRDg1bTVNY0FRcjBLQzM0aUIzS0hwRU02U0JJem80T1dVUE1LOFBtMlE9PSIsIm1hYyI6IjE0NDIyOTM1YTkxYzMzODhlMjk1NzdmZTA3ZGE2MWJkNzgyZWQ3YzE3MDFmMGRmZTJhMmJhZmY2NDZjYzI0NmEifQ%3D%3D',
  'accept-language' => 'zh-CN,zh;q=0.8',
  'accept-encoding' => 'gzip, deflate, sdch',
  'user-agent' => 'Mozilla/5.0 (Windows NT 6.2; WOW64) AppleWebKit/537.36 (KHTML, like Gecko) Chrome/50.0.2657.3 Safari/537.36',
  'upgrade-insecure-requests' => '1',
  'accept' => 'text/html,application/xhtml+xml,application/xml;q=0.9,image/webp,*/*;q=0.8',
  'cache-control' => 'max-age=0',
  'connection' => 'close',
  'host' => 'localhost',
)
[ info ] [ PARAM ] array (
)
[ info ] [ RUN ] app\index\controller\Cupon->index[ F:\phpstudy\WWW\sugoo\admin\application\index\controller\Cupon.php ]
[ info ] [ DB ] INIT mysql
[ info ] [ VIEW ] F:\phpstudy\WWW\sugoo\admin\public/../application/index\view\cupon\cupon.html [ array (
  0 => 'page_info',
  1 => 'page_str',
) ]
[ info ] [ LOG ] INIT File
[ sql ] [ DB ] CONNECT:[ UseTime:0.016515s ] mysql:host=127.0.0.1;port=3306;dbname=shop_mall;charset=utf8
[ sql ] [ SQL ] SHOW COLUMNS FROM `su_cupon_batch` [ RunTime:0.075558s ]
[ sql ] [ SQL ] SELECT COUNT(*) AS tp_count FROM `su_cupon_batch` LIMIT 1 [ RunTime:0.001145s ]
[ sql ] [ SQL ] SELECT * FROM `su_cupon_batch` ORDER BY cu_id asc LIMIT 0,3 [ RunTime:0.001489s ]
---------------------------------------------------------------
[ 2018-01-08T20:46:18+08:00 ] ::1 ::1 GET /sugoo/admin/public/index/cupon/audit.html?cu_id=1
[ info ] localhost/sugoo/admin/public/index/cupon/audit.html?cu_id=1 [运行时间：0.082841s][吞吐率：12.07req/s] [内存消耗：1,288.76kb] [文件加载：42]
[ info ] [ LANG ] F:\phpstudy\WWW\sugoo\admin\thinkphp\lang\zh-cn.php
[ info ] [ ROUTE ] array (
  'type' => 'module',
  'module' => 
  array (
    0 => 'index',
    1 => 'cupon',
    2 => 'audit',
  ),
)
[ info ] [ HEADER ] array (
  'cookie' => 'XSRF-TOKEN=eyJpdiI6InUySnlHTkFzNEZcL0VCWmIxclN5SDlnPT0iLCJ2YWx1ZSI6ImdaR2JHZm1TTXZBRHRcL3FBSWhBREZFaXRSTlZMZTZaU293OTF1WUt6OHBMbWhYNlR2Z21mXC9ZMFNSdEVxWGJ1YWVaVlRXcGtYWWNsQUVmTWw2ckUzTXc9PSIsIm1hYyI6ImFmMTliOWQ3M2I4NWQ1YzQxNjkyNzIyMzlhZmZhNTdlZjNiNWE2YWM3ZDVjZjhmZDJhMjFkMTg1OWMzNzVkNGYifQ%3D%3D; laravel_session=eyJpdiI6IjJJTlp0NHlMMFNQNzFNVlpHUlRWZ0E9PSIsInZhbHVlIjoidDZwOXFMQzBVakNQb21jWWxzOGROaFQxN2EzWGNsd1VJczh3NFVzckRYcVRFRDg1bTVNY0FRcjBLQzM0aUIzS0hwRU02U0JJem80T1dVUE1LOFBtMlE9PSIsIm1hYyI6IjE0NDIyOTM1YTkxYzMzODhlMjk1NzdmZTA3ZGE2MWJkNzgyZWQ3YzE3MDFmMGRmZTJhMmJhZmY2NDZjYzI0NmEifQ%3D%3D',
  'accept-language' => 'zh-CN,zh;q=0.8',
  'accept-encoding' => 'gzip, deflate, sdch',
  'referer' => 'http://localhost/sugoo/admin/public/index/cupon/index.html',
  'user-agent' => 'Mozilla/5.0 (Windows NT 6.2; WOW64) AppleWebKit/537.36 (KHTML, like Gecko) Chrome/50.0.2657.3 Safari/537.36',
  'x-requested-with' => 'XMLHttpRequest',
  'accept' => '*/*',
  'connection' => 'close',
  'host' => 'localhost',
)
[ info ] [ PARAM ] array (
  'cu_id' => '1',
)
[ info ] [ RUN ] app\index\controller\Cupon->audit[ F:\phpstudy\WWW\sugoo\admin\application\index\controller\Cupon.php ]
[ info ] [ LOG ] INIT File
---------------------------------------------------------------
[ 2018-01-08T20:51:27+08:00 ] ::1 ::1 GET /sugoo/admin/public/index/cupon/index.html
[ info ] localhost/sugoo/admin/public/index/cupon/index.html [运行时间：0.209751s][吞吐率：4.77req/s] [内存消耗：2,263.81kb] [文件加载：55]
[ info ] [ LANG ] F:\phpstudy\WWW\sugoo\admin\thinkphp\lang\zh-cn.php
[ info ] [ ROUTE ] array (
  'type' => 'module',
  'module' => 
  array (
    0 => 'index',
    1 => 'cupon',
    2 => 'index',
  ),
)
[ info ] [ HEADER ] array (
  'cookie' => 'XSRF-TOKEN=eyJpdiI6InUySnlHTkFzNEZcL0VCWmIxclN5SDlnPT0iLCJ2YWx1ZSI6ImdaR2JHZm1TTXZBRHRcL3FBSWhBREZFaXRSTlZMZTZaU293OTF1WUt6OHBMbWhYNlR2Z21mXC9ZMFNSdEVxWGJ1YWVaVlRXcGtYWWNsQUVmTWw2ckUzTXc9PSIsIm1hYyI6ImFmMTliOWQ3M2I4NWQ1YzQxNjkyNzIyMzlhZmZhNTdlZjNiNWE2YWM3ZDVjZjhmZDJhMjFkMTg1OWMzNzVkNGYifQ%3D%3D; laravel_session=eyJpdiI6IjJJTlp0NHlMMFNQNzFNVlpHUlRWZ0E9PSIsInZhbHVlIjoidDZwOXFMQzBVakNQb21jWWxzOGROaFQxN2EzWGNsd1VJczh3NFVzckRYcVRFRDg1bTVNY0FRcjBLQzM0aUIzS0hwRU02U0JJem80T1dVUE1LOFBtMlE9PSIsIm1hYyI6IjE0NDIyOTM1YTkxYzMzODhlMjk1NzdmZTA3ZGE2MWJkNzgyZWQ3YzE3MDFmMGRmZTJhMmJhZmY2NDZjYzI0NmEifQ%3D%3D',
  'accept-language' => 'zh-CN,zh;q=0.8',
  'accept-encoding' => 'gzip, deflate, sdch',
  'user-agent' => 'Mozilla/5.0 (Windows NT 6.2; WOW64) AppleWebKit/537.36 (KHTML, like Gecko) Chrome/50.0.2657.3 Safari/537.36',
  'upgrade-insecure-requests' => '1',
  'accept' => 'text/html,application/xhtml+xml,application/xml;q=0.9,image/webp,*/*;q=0.8',
  'cache-control' => 'no-cache',
  'pragma' => 'no-cache',
  'connection' => 'close',
  'host' => 'localhost',
)
[ info ] [ PARAM ] array (
)
[ info ] [ RUN ] app\index\controller\Cupon->index[ F:\phpstudy\WWW\sugoo\admin\application\index\controller\Cupon.php ]
[ info ] [ DB ] INIT mysql
[ info ] [ VIEW ] F:\phpstudy\WWW\sugoo\admin\public/../application/index\view\cupon\cupon.html [ array (
  0 => 'page_info',
  1 => 'page_str',
) ]
[ info ] [ LOG ] INIT File
[ sql ] [ DB ] CONNECT:[ UseTime:0.002376s ] mysql:host=127.0.0.1;port=3306;dbname=shop_mall;charset=utf8
[ sql ] [ SQL ] SHOW COLUMNS FROM `su_cupon_batch` [ RunTime:0.047707s ]
[ sql ] [ SQL ] SELECT COUNT(*) AS tp_count FROM `su_cupon_batch` LIMIT 1 [ RunTime:0.017870s ]
[ sql ] [ SQL ] SELECT * FROM `su_cupon_batch` ORDER BY cu_id asc LIMIT 0,3 [ RunTime:0.001122s ]
---------------------------------------------------------------
[ 2018-01-08T20:51:30+08:00 ] ::1 ::1 GET /sugoo/admin/public/index/cupon/audit.html?cu_id=1
[ info ] localhost/sugoo/admin/public/index/cupon/audit.html?cu_id=1 [运行时间：0.093496s][吞吐率：10.70req/s] [内存消耗：2,146.43kb] [文件加载：51]
[ info ] [ LANG ] F:\phpstudy\WWW\sugoo\admin\thinkphp\lang\zh-cn.php
[ info ] [ ROUTE ] array (
  'type' => 'module',
  'module' => 
  array (
    0 => 'index',
    1 => 'cupon',
    2 => 'audit',
  ),
)
[ info ] [ HEADER ] array (
  'cookie' => 'XSRF-TOKEN=eyJpdiI6InUySnlHTkFzNEZcL0VCWmIxclN5SDlnPT0iLCJ2YWx1ZSI6ImdaR2JHZm1TTXZBRHRcL3FBSWhBREZFaXRSTlZMZTZaU293OTF1WUt6OHBMbWhYNlR2Z21mXC9ZMFNSdEVxWGJ1YWVaVlRXcGtYWWNsQUVmTWw2ckUzTXc9PSIsIm1hYyI6ImFmMTliOWQ3M2I4NWQ1YzQxNjkyNzIyMzlhZmZhNTdlZjNiNWE2YWM3ZDVjZjhmZDJhMjFkMTg1OWMzNzVkNGYifQ%3D%3D; laravel_session=eyJpdiI6IjJJTlp0NHlMMFNQNzFNVlpHUlRWZ0E9PSIsInZhbHVlIjoidDZwOXFMQzBVakNQb21jWWxzOGROaFQxN2EzWGNsd1VJczh3NFVzckRYcVRFRDg1bTVNY0FRcjBLQzM0aUIzS0hwRU02U0JJem80T1dVUE1LOFBtMlE9PSIsIm1hYyI6IjE0NDIyOTM1YTkxYzMzODhlMjk1NzdmZTA3ZGE2MWJkNzgyZWQ3YzE3MDFmMGRmZTJhMmJhZmY2NDZjYzI0NmEifQ%3D%3D',
  'accept-language' => 'zh-CN,zh;q=0.8',
  'accept-encoding' => 'gzip, deflate, sdch',
  'referer' => 'http://localhost/sugoo/admin/public/index/cupon/index.html',
  'user-agent' => 'Mozilla/5.0 (Windows NT 6.2; WOW64) AppleWebKit/537.36 (KHTML, like Gecko) Chrome/50.0.2657.3 Safari/537.36',
  'x-requested-with' => 'XMLHttpRequest',
  'accept' => '*/*',
  'cache-control' => 'no-cache',
  'pragma' => 'no-cache',
  'connection' => 'close',
  'host' => 'localhost',
)
[ info ] [ PARAM ] array (
  'cu_id' => '1',
)
[ info ] [ RUN ] app\index\controller\Cupon->audit[ F:\phpstudy\WWW\sugoo\admin\application\index\controller\Cupon.php ]
[ info ] [ DB ] INIT mysql
[ info ] [ LOG ] INIT File
[ sql ] [ DB ] CONNECT:[ UseTime:0.000784s ] mysql:host=127.0.0.1;port=3306;dbname=shop_mall;charset=utf8
[ sql ] [ SQL ] SHOW COLUMNS FROM `su_cupon_batch` [ RunTime:0.023951s ]
[ sql ] [ SQL ] SELECT * FROM `su_cupon_batch` WHERE  `cu_id` = 1 LIMIT 1 [ RunTime:0.000583s ]
