---------------------------------------------------------------
[ 2018-01-09T16:36:56+08:00 ] 127.0.0.1 127.0.0.1 GET /admin/public/
[ info ] www.sugo.com/admin/public/ [运行时间：0.045002s][吞吐率：22.22req/s] [内存消耗：1,508.34kb] [文件加载：48]
[ info ] [ LANG ] D:\phpStudy\WWW\sugoo\admin\thinkphp\lang\zh-cn.php
[ info ] [ ROUTE ] array (
  'type' => 'module',
  'module' => 
  array (
    0 => '',
    1 => NULL,
    2 => NULL,
  ),
)
[ info ] [ HEADER ] array (
  'cookie' => 'laravel_session=eyJpdiI6IlwvTkJGaVN4MzhSZndKRnJJTElYOTR3PT0iLCJ2YWx1ZSI6IkJ5dUd4cEsrN2d6MTVrU01ITnZIaG5VQjVCTENDcU9ib0NMSTNSeXIzXC9rblB2XC9FRWp6ZW1TVkpkMXpHZWt0eSt2Zm8waExjRkxBY05ieVNQcVc0Tmc9PSIsIm1hYyI6IjJiMGJlOWE4OTQzNjU5YzZkZTJhMDFkZjQ4ZTE5NmM5NGE1YWY3NTczY2IzZWRiMDA2Y2Q1OTMxMTI2ZTIzYTYifQ%3D%3D',
  'accept-language' => 'zh-CN,zh;q=0.9',
  'accept-encoding' => 'gzip, deflate',
  'referer' => 'http://www.sugo.com/admin/',
  'accept' => 'text/html,application/xhtml+xml,application/xml;q=0.9,image/webp,image/apng,*/*;q=0.8',
  'user-agent' => 'Mozilla/5.0 (Windows NT 6.1; WOW64) AppleWebKit/537.36 (KHTML, like Gecko) Chrome/63.0.3239.84 Safari/537.36',
  'upgrade-insecure-requests' => '1',
  'connection' => 'close',
  'host' => 'www.sugo.com',
)
[ info ] [ PARAM ] array (
)
[ info ] [ RUN ] app\index\controller\Index->index[ D:\phpStudy\WWW\sugoo\admin\application\index\controller\Index.php ]
[ info ] [ VIEW ] D:\phpStudy\WWW\sugoo\admin\public/../application/index\view\index\index.html [ array (
) ]
[ info ] [ LOG ] INIT File
---------------------------------------------------------------
[ 2018-01-09T16:36:58+08:00 ] 127.0.0.1 127.0.0.1 GET /admin/public/
[ info ] www.sugo.com/admin/public/ [运行时间：0.034002s][吞吐率：29.41req/s] [内存消耗：1,385.59kb] [文件加载：46]
[ info ] [ LANG ] D:\phpStudy\WWW\sugoo\admin\thinkphp\lang\zh-cn.php
[ info ] [ ROUTE ] array (
  'type' => 'module',
  'module' => 
  array (
    0 => '',
    1 => NULL,
    2 => NULL,
  ),
)
[ info ] [ HEADER ] array (
  'cookie' => 'laravel_session=eyJpdiI6IlwvTkJGaVN4MzhSZndKRnJJTElYOTR3PT0iLCJ2YWx1ZSI6IkJ5dUd4cEsrN2d6MTVrU01ITnZIaG5VQjVCTENDcU9ib0NMSTNSeXIzXC9rblB2XC9FRWp6ZW1TVkpkMXpHZWt0eSt2Zm8waExjRkxBY05ieVNQcVc0Tmc9PSIsIm1hYyI6IjJiMGJlOWE4OTQzNjU5YzZkZTJhMDFkZjQ4ZTE5NmM5NGE1YWY3NTczY2IzZWRiMDA2Y2Q1OTMxMTI2ZTIzYTYifQ%3D%3D',
  'accept-language' => 'zh-CN,zh;q=0.9',
  'accept-encoding' => 'gzip, deflate',
  'accept' => 'text/html,application/xhtml+xml,application/xml;q=0.9,image/webp,image/apng,*/*;q=0.8',
  'upgrade-insecure-requests' => '1',
  'user-agent' => 'Mozilla/5.0 (Windows NT 6.1; WOW64) AppleWebKit/537.36 (KHTML, like Gecko) Chrome/63.0.3239.84 Safari/537.36',
  'cache-control' => 'max-age=0',
  'connection' => 'close',
  'host' => 'www.sugo.com',
)
[ info ] [ PARAM ] array (
)
[ info ] [ RUN ] app\index\controller\Index->index[ D:\phpStudy\WWW\sugoo\admin\application\index\controller\Index.php ]
[ info ] [ VIEW ] D:\phpStudy\WWW\sugoo\admin\public/../application/index\view\index\index.html [ array (
) ]
[ info ] [ LOG ] INIT File
---------------------------------------------------------------
[ 2018-01-09T16:37:00+08:00 ] 127.0.0.1 127.0.0.1 GET /admin/public/
[ info ] www.sugo.com/admin/public/ [运行时间：0.035002s][吞吐率：28.57req/s] [内存消耗：1,385.59kb] [文件加载：46]
[ info ] [ LANG ] D:\phpStudy\WWW\sugoo\admin\thinkphp\lang\zh-cn.php
[ info ] [ ROUTE ] array (
  'type' => 'module',
  'module' => 
  array (
    0 => '',
    1 => NULL,
    2 => NULL,
  ),
)
[ info ] [ HEADER ] array (
  'cookie' => 'laravel_session=eyJpdiI6IlwvTkJGaVN4MzhSZndKRnJJTElYOTR3PT0iLCJ2YWx1ZSI6IkJ5dUd4cEsrN2d6MTVrU01ITnZIaG5VQjVCTENDcU9ib0NMSTNSeXIzXC9rblB2XC9FRWp6ZW1TVkpkMXpHZWt0eSt2Zm8waExjRkxBY05ieVNQcVc0Tmc9PSIsIm1hYyI6IjJiMGJlOWE4OTQzNjU5YzZkZTJhMDFkZjQ4ZTE5NmM5NGE1YWY3NTczY2IzZWRiMDA2Y2Q1OTMxMTI2ZTIzYTYifQ%3D%3D',
  'accept-language' => 'zh-CN,zh;q=0.9',
  'accept-encoding' => 'gzip, deflate',
  'accept' => 'text/html,application/xhtml+xml,application/xml;q=0.9,image/webp,image/apng,*/*;q=0.8',
  'upgrade-insecure-requests' => '1',
  'user-agent' => 'Mozilla/5.0 (Windows NT 6.1; WOW64) AppleWebKit/537.36 (KHTML, like Gecko) Chrome/63.0.3239.84 Safari/537.36',
  'cache-control' => 'max-age=0',
  'connection' => 'close',
  'host' => 'www.sugo.com',
)
[ info ] [ PARAM ] array (
)
[ info ] [ RUN ] app\index\controller\Index->index[ D:\phpStudy\WWW\sugoo\admin\application\index\controller\Index.php ]
[ info ] [ VIEW ] D:\phpStudy\WWW\sugoo\admin\public/../application/index\view\index\index.html [ array (
) ]
[ info ] [ LOG ] INIT File
---------------------------------------------------------------
[ 2018-01-09T16:37:01+08:00 ] 127.0.0.1 127.0.0.1 GET /admin/public/
[ info ] www.sugo.com/admin/public/ [运行时间：0.033002s][吞吐率：30.30req/s] [内存消耗：1,385.59kb] [文件加载：46]
[ info ] [ LANG ] D:\phpStudy\WWW\sugoo\admin\thinkphp\lang\zh-cn.php
[ info ] [ ROUTE ] array (
  'type' => 'module',
  'module' => 
  array (
    0 => '',
    1 => NULL,
    2 => NULL,
  ),
)
[ info ] [ HEADER ] array (
  'cookie' => 'laravel_session=eyJpdiI6IlwvTkJGaVN4MzhSZndKRnJJTElYOTR3PT0iLCJ2YWx1ZSI6IkJ5dUd4cEsrN2d6MTVrU01ITnZIaG5VQjVCTENDcU9ib0NMSTNSeXIzXC9rblB2XC9FRWp6ZW1TVkpkMXpHZWt0eSt2Zm8waExjRkxBY05ieVNQcVc0Tmc9PSIsIm1hYyI6IjJiMGJlOWE4OTQzNjU5YzZkZTJhMDFkZjQ4ZTE5NmM5NGE1YWY3NTczY2IzZWRiMDA2Y2Q1OTMxMTI2ZTIzYTYifQ%3D%3D',
  'accept-language' => 'zh-CN,zh;q=0.9',
  'accept-encoding' => 'gzip, deflate',
  'accept' => 'text/html,application/xhtml+xml,application/xml;q=0.9,image/webp,image/apng,*/*;q=0.8',
  'upgrade-insecure-requests' => '1',
  'user-agent' => 'Mozilla/5.0 (Windows NT 6.1; WOW64) AppleWebKit/537.36 (KHTML, like Gecko) Chrome/63.0.3239.84 Safari/537.36',
  'cache-control' => 'max-age=0',
  'connection' => 'close',
  'host' => 'www.sugo.com',
)
[ info ] [ PARAM ] array (
)
[ info ] [ RUN ] app\index\controller\Index->index[ D:\phpStudy\WWW\sugoo\admin\application\index\controller\Index.php ]
[ info ] [ VIEW ] D:\phpStudy\WWW\sugoo\admin\public/../application/index\view\index\index.html [ array (
) ]
[ info ] [ LOG ] INIT File
---------------------------------------------------------------
[ 2018-01-09T16:37:02+08:00 ] 127.0.0.1 127.0.0.1 GET /admin/public/
[ info ] www.sugo.com/admin/public/ [运行时间：0.033002s][吞吐率：30.30req/s] [内存消耗：1,385.59kb] [文件加载：46]
[ info ] [ LANG ] D:\phpStudy\WWW\sugoo\admin\thinkphp\lang\zh-cn.php
[ info ] [ ROUTE ] array (
  'type' => 'module',
  'module' => 
  array (
    0 => '',
    1 => NULL,
    2 => NULL,
  ),
)
[ info ] [ HEADER ] array (
  'cookie' => 'laravel_session=eyJpdiI6IlwvTkJGaVN4MzhSZndKRnJJTElYOTR3PT0iLCJ2YWx1ZSI6IkJ5dUd4cEsrN2d6MTVrU01ITnZIaG5VQjVCTENDcU9ib0NMSTNSeXIzXC9rblB2XC9FRWp6ZW1TVkpkMXpHZWt0eSt2Zm8waExjRkxBY05ieVNQcVc0Tmc9PSIsIm1hYyI6IjJiMGJlOWE4OTQzNjU5YzZkZTJhMDFkZjQ4ZTE5NmM5NGE1YWY3NTczY2IzZWRiMDA2Y2Q1OTMxMTI2ZTIzYTYifQ%3D%3D',
  'accept-language' => 'zh-CN,zh;q=0.9',
  'accept-encoding' => 'gzip, deflate',
  'accept' => 'text/html,application/xhtml+xml,application/xml;q=0.9,image/webp,image/apng,*/*;q=0.8',
  'upgrade-insecure-requests' => '1',
  'user-agent' => 'Mozilla/5.0 (Windows NT 6.1; WOW64) AppleWebKit/537.36 (KHTML, like Gecko) Chrome/63.0.3239.84 Safari/537.36',
  'cache-control' => 'max-age=0',
  'connection' => 'close',
  'host' => 'www.sugo.com',
)
[ info ] [ PARAM ] array (
)
[ info ] [ RUN ] app\index\controller\Index->index[ D:\phpStudy\WWW\sugoo\admin\application\index\controller\Index.php ]
[ info ] [ VIEW ] D:\phpStudy\WWW\sugoo\admin\public/../application/index\view\index\index.html [ array (
) ]
[ info ] [ LOG ] INIT File
---------------------------------------------------------------
[ 2018-01-09T16:37:03+08:00 ] 127.0.0.1 127.0.0.1 GET /admin/public/
[ info ] www.sugo.com/admin/public/ [运行时间：0.031002s][吞吐率：32.26req/s] [内存消耗：1,385.59kb] [文件加载：46]
[ info ] [ LANG ] D:\phpStudy\WWW\sugoo\admin\thinkphp\lang\zh-cn.php
[ info ] [ ROUTE ] array (
  'type' => 'module',
  'module' => 
  array (
    0 => '',
    1 => NULL,
    2 => NULL,
  ),
)
[ info ] [ HEADER ] array (
  'cookie' => 'laravel_session=eyJpdiI6IlwvTkJGaVN4MzhSZndKRnJJTElYOTR3PT0iLCJ2YWx1ZSI6IkJ5dUd4cEsrN2d6MTVrU01ITnZIaG5VQjVCTENDcU9ib0NMSTNSeXIzXC9rblB2XC9FRWp6ZW1TVkpkMXpHZWt0eSt2Zm8waExjRkxBY05ieVNQcVc0Tmc9PSIsIm1hYyI6IjJiMGJlOWE4OTQzNjU5YzZkZTJhMDFkZjQ4ZTE5NmM5NGE1YWY3NTczY2IzZWRiMDA2Y2Q1OTMxMTI2ZTIzYTYifQ%3D%3D',
  'accept-language' => 'zh-CN,zh;q=0.9',
  'accept-encoding' => 'gzip, deflate',
  'accept' => 'text/html,application/xhtml+xml,application/xml;q=0.9,image/webp,image/apng,*/*;q=0.8',
  'upgrade-insecure-requests' => '1',
  'user-agent' => 'Mozilla/5.0 (Windows NT 6.1; WOW64) AppleWebKit/537.36 (KHTML, like Gecko) Chrome/63.0.3239.84 Safari/537.36',
  'cache-control' => 'max-age=0',
  'connection' => 'close',
  'host' => 'www.sugo.com',
)
[ info ] [ PARAM ] array (
)
[ info ] [ RUN ] app\index\controller\Index->index[ D:\phpStudy\WWW\sugoo\admin\application\index\controller\Index.php ]
[ info ] [ VIEW ] D:\phpStudy\WWW\sugoo\admin\public/../application/index\view\index\index.html [ array (
) ]
[ info ] [ LOG ] INIT File
---------------------------------------------------------------
[ 2018-01-09T16:37:03+08:00 ] 127.0.0.1 127.0.0.1 GET /admin/public/
[ info ] www.sugo.com/admin/public/ [运行时间：0.032002s][吞吐率：31.25req/s] [内存消耗：1,385.59kb] [文件加载：46]
[ info ] [ LANG ] D:\phpStudy\WWW\sugoo\admin\thinkphp\lang\zh-cn.php
[ info ] [ ROUTE ] array (
  'type' => 'module',
  'module' => 
  array (
    0 => '',
    1 => NULL,
    2 => NULL,
  ),
)
[ info ] [ HEADER ] array (
  'cookie' => 'laravel_session=eyJpdiI6IlwvTkJGaVN4MzhSZndKRnJJTElYOTR3PT0iLCJ2YWx1ZSI6IkJ5dUd4cEsrN2d6MTVrU01ITnZIaG5VQjVCTENDcU9ib0NMSTNSeXIzXC9rblB2XC9FRWp6ZW1TVkpkMXpHZWt0eSt2Zm8waExjRkxBY05ieVNQcVc0Tmc9PSIsIm1hYyI6IjJiMGJlOWE4OTQzNjU5YzZkZTJhMDFkZjQ4ZTE5NmM5NGE1YWY3NTczY2IzZWRiMDA2Y2Q1OTMxMTI2ZTIzYTYifQ%3D%3D',
  'accept-language' => 'zh-CN,zh;q=0.9',
  'accept-encoding' => 'gzip, deflate',
  'accept' => 'text/html,application/xhtml+xml,application/xml;q=0.9,image/webp,image/apng,*/*;q=0.8',
  'upgrade-insecure-requests' => '1',
  'user-agent' => 'Mozilla/5.0 (Windows NT 6.1; WOW64) AppleWebKit/537.36 (KHTML, like Gecko) Chrome/63.0.3239.84 Safari/537.36',
  'cache-control' => 'max-age=0',
  'connection' => 'close',
  'host' => 'www.sugo.com',
)
[ info ] [ PARAM ] array (
)
[ info ] [ RUN ] app\index\controller\Index->index[ D:\phpStudy\WWW\sugoo\admin\application\index\controller\Index.php ]
[ info ] [ VIEW ] D:\phpStudy\WWW\sugoo\admin\public/../application/index\view\index\index.html [ array (
) ]
[ info ] [ LOG ] INIT File
---------------------------------------------------------------
[ 2018-01-09T16:37:05+08:00 ] 127.0.0.1 127.0.0.1 GET /admin/public/
[ info ] www.sugo.com/admin/public/ [运行时间：0.036002s][吞吐率：27.78req/s] [内存消耗：1,385.59kb] [文件加载：46]
[ info ] [ LANG ] D:\phpStudy\WWW\sugoo\admin\thinkphp\lang\zh-cn.php
[ info ] [ ROUTE ] array (
  'type' => 'module',
  'module' => 
  array (
    0 => '',
    1 => NULL,
    2 => NULL,
  ),
)
[ info ] [ HEADER ] array (
  'cookie' => 'laravel_session=eyJpdiI6IlwvTkJGaVN4MzhSZndKRnJJTElYOTR3PT0iLCJ2YWx1ZSI6IkJ5dUd4cEsrN2d6MTVrU01ITnZIaG5VQjVCTENDcU9ib0NMSTNSeXIzXC9rblB2XC9FRWp6ZW1TVkpkMXpHZWt0eSt2Zm8waExjRkxBY05ieVNQcVc0Tmc9PSIsIm1hYyI6IjJiMGJlOWE4OTQzNjU5YzZkZTJhMDFkZjQ4ZTE5NmM5NGE1YWY3NTczY2IzZWRiMDA2Y2Q1OTMxMTI2ZTIzYTYifQ%3D%3D',
  'accept-language' => 'zh-CN,zh;q=0.9',
  'accept-encoding' => 'gzip, deflate',
  'accept' => 'text/html,application/xhtml+xml,application/xml;q=0.9,image/webp,image/apng,*/*;q=0.8',
  'upgrade-insecure-requests' => '1',
  'user-agent' => 'Mozilla/5.0 (Windows NT 6.1; WOW64) AppleWebKit/537.36 (KHTML, like Gecko) Chrome/63.0.3239.84 Safari/537.36',
  'cache-control' => 'max-age=0',
  'connection' => 'close',
  'host' => 'www.sugo.com',
)
[ info ] [ PARAM ] array (
)
[ info ] [ RUN ] app\index\controller\Index->index[ D:\phpStudy\WWW\sugoo\admin\application\index\controller\Index.php ]
[ info ] [ VIEW ] D:\phpStudy\WWW\sugoo\admin\public/../application/index\view\index\index.html [ array (
) ]
[ info ] [ LOG ] INIT File
---------------------------------------------------------------
[ 2018-01-09T16:37:06+08:00 ] 127.0.0.1 127.0.0.1 GET /admin/public/
[ info ] www.sugo.com/admin/public/ [运行时间：0.036003s][吞吐率：27.78req/s] [内存消耗：1,385.59kb] [文件加载：46]
[ info ] [ LANG ] D:\phpStudy\WWW\sugoo\admin\thinkphp\lang\zh-cn.php
[ info ] [ ROUTE ] array (
  'type' => 'module',
  'module' => 
  array (
    0 => '',
    1 => NULL,
    2 => NULL,
  ),
)
[ info ] [ HEADER ] array (
  'cookie' => 'laravel_session=eyJpdiI6IlwvTkJGaVN4MzhSZndKRnJJTElYOTR3PT0iLCJ2YWx1ZSI6IkJ5dUd4cEsrN2d6MTVrU01ITnZIaG5VQjVCTENDcU9ib0NMSTNSeXIzXC9rblB2XC9FRWp6ZW1TVkpkMXpHZWt0eSt2Zm8waExjRkxBY05ieVNQcVc0Tmc9PSIsIm1hYyI6IjJiMGJlOWE4OTQzNjU5YzZkZTJhMDFkZjQ4ZTE5NmM5NGE1YWY3NTczY2IzZWRiMDA2Y2Q1OTMxMTI2ZTIzYTYifQ%3D%3D',
  'accept-language' => 'zh-CN,zh;q=0.9',
  'accept-encoding' => 'gzip, deflate',
  'accept' => 'text/html,application/xhtml+xml,application/xml;q=0.9,image/webp,image/apng,*/*;q=0.8',
  'upgrade-insecure-requests' => '1',
  'user-agent' => 'Mozilla/5.0 (Windows NT 6.1; WOW64) AppleWebKit/537.36 (KHTML, like Gecko) Chrome/63.0.3239.84 Safari/537.36',
  'cache-control' => 'max-age=0',
  'connection' => 'close',
  'host' => 'www.sugo.com',
)
[ info ] [ PARAM ] array (
)
[ info ] [ RUN ] app\index\controller\Index->index[ D:\phpStudy\WWW\sugoo\admin\application\index\controller\Index.php ]
[ info ] [ VIEW ] D:\phpStudy\WWW\sugoo\admin\public/../application/index\view\index\index.html [ array (
) ]
[ info ] [ LOG ] INIT File
---------------------------------------------------------------
[ 2018-01-09T16:37:07+08:00 ] 127.0.0.1 127.0.0.1 GET /admin/public/
[ info ] www.sugo.com/admin/public/ [运行时间：0.041003s][吞吐率：24.39req/s] [内存消耗：1,385.59kb] [文件加载：46]
[ info ] [ LANG ] D:\phpStudy\WWW\sugoo\admin\thinkphp\lang\zh-cn.php
[ info ] [ ROUTE ] array (
  'type' => 'module',
  'module' => 
  array (
    0 => '',
    1 => NULL,
    2 => NULL,
  ),
)
[ info ] [ HEADER ] array (
  'cookie' => 'laravel_session=eyJpdiI6IlwvTkJGaVN4MzhSZndKRnJJTElYOTR3PT0iLCJ2YWx1ZSI6IkJ5dUd4cEsrN2d6MTVrU01ITnZIaG5VQjVCTENDcU9ib0NMSTNSeXIzXC9rblB2XC9FRWp6ZW1TVkpkMXpHZWt0eSt2Zm8waExjRkxBY05ieVNQcVc0Tmc9PSIsIm1hYyI6IjJiMGJlOWE4OTQzNjU5YzZkZTJhMDFkZjQ4ZTE5NmM5NGE1YWY3NTczY2IzZWRiMDA2Y2Q1OTMxMTI2ZTIzYTYifQ%3D%3D',
  'accept-language' => 'zh-CN,zh;q=0.9',
  'accept-encoding' => 'gzip, deflate',
  'accept' => 'text/html,application/xhtml+xml,application/xml;q=0.9,image/webp,image/apng,*/*;q=0.8',
  'upgrade-insecure-requests' => '1',
  'user-agent' => 'Mozilla/5.0 (Windows NT 6.1; WOW64) AppleWebKit/537.36 (KHTML, like Gecko) Chrome/63.0.3239.84 Safari/537.36',
  'cache-control' => 'max-age=0',
  'connection' => 'close',
  'host' => 'www.sugo.com',
)
[ info ] [ PARAM ] array (
)
[ info ] [ RUN ] app\index\controller\Index->index[ D:\phpStudy\WWW\sugoo\admin\application\index\controller\Index.php ]
[ info ] [ VIEW ] D:\phpStudy\WWW\sugoo\admin\public/../application/index\view\index\index.html [ array (
) ]
[ info ] [ LOG ] INIT File
---------------------------------------------------------------
[ 2018-01-09T16:37:08+08:00 ] 127.0.0.1 127.0.0.1 GET /admin/public/
[ info ] www.sugo.com/admin/public/ [运行时间：0.034002s][吞吐率：29.41req/s] [内存消耗：1,385.59kb] [文件加载：46]
[ info ] [ LANG ] D:\phpStudy\WWW\sugoo\admin\thinkphp\lang\zh-cn.php
[ info ] [ ROUTE ] array (
  'type' => 'module',
  'module' => 
  array (
    0 => '',
    1 => NULL,
    2 => NULL,
  ),
)
[ info ] [ HEADER ] array (
  'cookie' => 'laravel_session=eyJpdiI6IlwvTkJGaVN4MzhSZndKRnJJTElYOTR3PT0iLCJ2YWx1ZSI6IkJ5dUd4cEsrN2d6MTVrU01ITnZIaG5VQjVCTENDcU9ib0NMSTNSeXIzXC9rblB2XC9FRWp6ZW1TVkpkMXpHZWt0eSt2Zm8waExjRkxBY05ieVNQcVc0Tmc9PSIsIm1hYyI6IjJiMGJlOWE4OTQzNjU5YzZkZTJhMDFkZjQ4ZTE5NmM5NGE1YWY3NTczY2IzZWRiMDA2Y2Q1OTMxMTI2ZTIzYTYifQ%3D%3D',
  'accept-language' => 'zh-CN,zh;q=0.9',
  'accept-encoding' => 'gzip, deflate',
  'accept' => 'text/html,application/xhtml+xml,application/xml;q=0.9,image/webp,image/apng,*/*;q=0.8',
  'upgrade-insecure-requests' => '1',
  'user-agent' => 'Mozilla/5.0 (Windows NT 6.1; WOW64) AppleWebKit/537.36 (KHTML, like Gecko) Chrome/63.0.3239.84 Safari/537.36',
  'cache-control' => 'max-age=0',
  'connection' => 'close',
  'host' => 'www.sugo.com',
)
[ info ] [ PARAM ] array (
)
[ info ] [ RUN ] app\index\controller\Index->index[ D:\phpStudy\WWW\sugoo\admin\application\index\controller\Index.php ]
[ info ] [ VIEW ] D:\phpStudy\WWW\sugoo\admin\public/../application/index\view\index\index.html [ array (
) ]
[ info ] [ LOG ] INIT File
---------------------------------------------------------------
[ 2018-01-09T16:37:09+08:00 ] 127.0.0.1 127.0.0.1 GET /admin/public/
[ info ] www.sugo.com/admin/public/ [运行时间：0.034002s][吞吐率：29.41req/s] [内存消耗：1,385.59kb] [文件加载：46]
[ info ] [ LANG ] D:\phpStudy\WWW\sugoo\admin\thinkphp\lang\zh-cn.php
[ info ] [ ROUTE ] array (
  'type' => 'module',
  'module' => 
  array (
    0 => '',
    1 => NULL,
    2 => NULL,
  ),
)
[ info ] [ HEADER ] array (
  'cookie' => 'laravel_session=eyJpdiI6IlwvTkJGaVN4MzhSZndKRnJJTElYOTR3PT0iLCJ2YWx1ZSI6IkJ5dUd4cEsrN2d6MTVrU01ITnZIaG5VQjVCTENDcU9ib0NMSTNSeXIzXC9rblB2XC9FRWp6ZW1TVkpkMXpHZWt0eSt2Zm8waExjRkxBY05ieVNQcVc0Tmc9PSIsIm1hYyI6IjJiMGJlOWE4OTQzNjU5YzZkZTJhMDFkZjQ4ZTE5NmM5NGE1YWY3NTczY2IzZWRiMDA2Y2Q1OTMxMTI2ZTIzYTYifQ%3D%3D',
  'accept-language' => 'zh-CN,zh;q=0.9',
  'accept-encoding' => 'gzip, deflate',
  'accept' => 'text/html,application/xhtml+xml,application/xml;q=0.9,image/webp,image/apng,*/*;q=0.8',
  'upgrade-insecure-requests' => '1',
  'user-agent' => 'Mozilla/5.0 (Windows NT 6.1; WOW64) AppleWebKit/537.36 (KHTML, like Gecko) Chrome/63.0.3239.84 Safari/537.36',
  'cache-control' => 'max-age=0',
  'connection' => 'close',
  'host' => 'www.sugo.com',
)
[ info ] [ PARAM ] array (
)
[ info ] [ RUN ] app\index\controller\Index->index[ D:\phpStudy\WWW\sugoo\admin\application\index\controller\Index.php ]
[ info ] [ VIEW ] D:\phpStudy\WWW\sugoo\admin\public/../application/index\view\index\index.html [ array (
) ]
[ info ] [ LOG ] INIT File
---------------------------------------------------------------
[ 2018-01-09T16:37:11+08:00 ] 127.0.0.1 127.0.0.1 GET /admin/public/
[ info ] www.sugo.com/admin/public/ [运行时间：0.031002s][吞吐率：32.26req/s] [内存消耗：1,385.59kb] [文件加载：46]
[ info ] [ LANG ] D:\phpStudy\WWW\sugoo\admin\thinkphp\lang\zh-cn.php
[ info ] [ ROUTE ] array (
  'type' => 'module',
  'module' => 
  array (
    0 => '',
    1 => NULL,
    2 => NULL,
  ),
)
[ info ] [ HEADER ] array (
  'cookie' => 'laravel_session=eyJpdiI6IlwvTkJGaVN4MzhSZndKRnJJTElYOTR3PT0iLCJ2YWx1ZSI6IkJ5dUd4cEsrN2d6MTVrU01ITnZIaG5VQjVCTENDcU9ib0NMSTNSeXIzXC9rblB2XC9FRWp6ZW1TVkpkMXpHZWt0eSt2Zm8waExjRkxBY05ieVNQcVc0Tmc9PSIsIm1hYyI6IjJiMGJlOWE4OTQzNjU5YzZkZTJhMDFkZjQ4ZTE5NmM5NGE1YWY3NTczY2IzZWRiMDA2Y2Q1OTMxMTI2ZTIzYTYifQ%3D%3D',
  'accept-language' => 'zh-CN,zh;q=0.9',
  'accept-encoding' => 'gzip, deflate',
  'accept' => 'text/html,application/xhtml+xml,application/xml;q=0.9,image/webp,image/apng,*/*;q=0.8',
  'upgrade-insecure-requests' => '1',
  'user-agent' => 'Mozilla/5.0 (Windows NT 6.1; WOW64) AppleWebKit/537.36 (KHTML, like Gecko) Chrome/63.0.3239.84 Safari/537.36',
  'cache-control' => 'max-age=0',
  'connection' => 'close',
  'host' => 'www.sugo.com',
)
[ info ] [ PARAM ] array (
)
[ info ] [ RUN ] app\index\controller\Index->index[ D:\phpStudy\WWW\sugoo\admin\application\index\controller\Index.php ]
[ info ] [ VIEW ] D:\phpStudy\WWW\sugoo\admin\public/../application/index\view\index\index.html [ array (
) ]
[ info ] [ LOG ] INIT File
---------------------------------------------------------------
[ 2018-01-09T16:39:43+08:00 ] 127.0.0.1 127.0.0.1 GET /admin/public/
[ info ] www.sugo.com/admin/public/ [运行时间：0.027002s][吞吐率：37.03req/s] [内存消耗：1,385.57kb] [文件加载：46]
[ info ] [ LANG ] D:\phpStudy\WWW\sugoo\admin\thinkphp\lang\zh-cn.php
[ info ] [ ROUTE ] array (
  'type' => 'module',
  'module' => 
  array (
    0 => '',
    1 => NULL,
    2 => NULL,
  ),
)
[ info ] [ HEADER ] array (
  'cookie' => 'laravel_session=eyJpdiI6IlwvTkJGaVN4MzhSZndKRnJJTElYOTR3PT0iLCJ2YWx1ZSI6IkJ5dUd4cEsrN2d6MTVrU01ITnZIaG5VQjVCTENDcU9ib0NMSTNSeXIzXC9rblB2XC9FRWp6ZW1TVkpkMXpHZWt0eSt2Zm8waExjRkxBY05ieVNQcVc0Tmc9PSIsIm1hYyI6IjJiMGJlOWE4OTQzNjU5YzZkZTJhMDFkZjQ4ZTE5NmM5NGE1YWY3NTczY2IzZWRiMDA2Y2Q1OTMxMTI2ZTIzYTYifQ%3D%3D',
  'accept-language' => 'zh-CN,zh;q=0.9',
  'accept-encoding' => 'gzip, deflate',
  'accept' => 'text/html,application/xhtml+xml,application/xml;q=0.9,image/webp,image/apng,*/*;q=0.8',
  'upgrade-insecure-requests' => '1',
  'user-agent' => 'Mozilla/5.0 (Windows NT 6.1; WOW64) AppleWebKit/537.36 (KHTML, like Gecko) Chrome/63.0.3239.84 Safari/537.36',
  'cache-control' => 'max-age=0',
  'connection' => 'close',
  'host' => 'www.sugo.com',
)
[ info ] [ PARAM ] array (
)
[ info ] [ RUN ] app\index\controller\Index->index[ D:\phpStudy\WWW\sugoo\admin\application\index\controller\Index.php ]
[ info ] [ VIEW ] D:\phpStudy\WWW\sugoo\admin\public/../application/index\view\index\index.html [ array (
) ]
[ info ] [ LOG ] INIT File
---------------------------------------------------------------
[ 2018-01-09T16:39:43+08:00 ] 127.0.0.1 127.0.0.1 GET /admin/public/www.sugo.com/admin/public/static/css/public.css
[ info ] www.sugo.com/admin/public/www.sugo.com/admin/public/static/css/public.css [运行时间：0.289017s][吞吐率：3.46req/s] [内存消耗：1,144.33kb] [文件加载：40]
[ info ] [ LANG ] D:\phpStudy\WWW\sugoo\admin\thinkphp\lang\zh-cn.php
[ info ] [ ROUTE ] array (
  'type' => 'module',
  'module' => 
  array (
    0 => 'www.sugo.com',
    1 => 'admin',
    2 => 'public',
  ),
)
[ info ] [ HEADER ] array (
  'cookie' => 'laravel_session=eyJpdiI6IlwvTkJGaVN4MzhSZndKRnJJTElYOTR3PT0iLCJ2YWx1ZSI6IkJ5dUd4cEsrN2d6MTVrU01ITnZIaG5VQjVCTENDcU9ib0NMSTNSeXIzXC9rblB2XC9FRWp6ZW1TVkpkMXpHZWt0eSt2Zm8waExjRkxBY05ieVNQcVc0Tmc9PSIsIm1hYyI6IjJiMGJlOWE4OTQzNjU5YzZkZTJhMDFkZjQ4ZTE5NmM5NGE1YWY3NTczY2IzZWRiMDA2Y2Q1OTMxMTI2ZTIzYTYifQ%3D%3D',
  'accept-language' => 'zh-CN,zh;q=0.9',
  'accept-encoding' => 'gzip, deflate',
  'referer' => 'http://www.sugo.com/admin/public/',
  'accept' => 'text/css,*/*;q=0.1',
  'user-agent' => 'Mozilla/5.0 (Windows NT 6.1; WOW64) AppleWebKit/537.36 (KHTML, like Gecko) Chrome/63.0.3239.84 Safari/537.36',
  'connection' => 'close',
  'host' => 'www.sugo.com',
)
[ info ] [ PARAM ] array (
  'static' => 'css',
)
[ info ] [ LOG ] INIT File
---------------------------------------------------------------
[ 2018-01-09T16:39:45+08:00 ] 127.0.0.1 127.0.0.1 GET /admin/public/
[ info ] www.sugo.com/admin/public/ [运行时间：0.030002s][吞吐率：33.33req/s] [内存消耗：1,385.57kb] [文件加载：46]
[ info ] [ LANG ] D:\phpStudy\WWW\sugoo\admin\thinkphp\lang\zh-cn.php
[ info ] [ ROUTE ] array (
  'type' => 'module',
  'module' => 
  array (
    0 => '',
    1 => NULL,
    2 => NULL,
  ),
)
[ info ] [ HEADER ] array (
  'cookie' => 'laravel_session=eyJpdiI6IlwvTkJGaVN4MzhSZndKRnJJTElYOTR3PT0iLCJ2YWx1ZSI6IkJ5dUd4cEsrN2d6MTVrU01ITnZIaG5VQjVCTENDcU9ib0NMSTNSeXIzXC9rblB2XC9FRWp6ZW1TVkpkMXpHZWt0eSt2Zm8waExjRkxBY05ieVNQcVc0Tmc9PSIsIm1hYyI6IjJiMGJlOWE4OTQzNjU5YzZkZTJhMDFkZjQ4ZTE5NmM5NGE1YWY3NTczY2IzZWRiMDA2Y2Q1OTMxMTI2ZTIzYTYifQ%3D%3D',
  'accept-language' => 'zh-CN,zh;q=0.9',
  'accept-encoding' => 'gzip, deflate',
  'accept' => 'text/html,application/xhtml+xml,application/xml;q=0.9,image/webp,image/apng,*/*;q=0.8',
  'upgrade-insecure-requests' => '1',
  'user-agent' => 'Mozilla/5.0 (Windows NT 6.1; WOW64) AppleWebKit/537.36 (KHTML, like Gecko) Chrome/63.0.3239.84 Safari/537.36',
  'cache-control' => 'max-age=0',
  'connection' => 'close',
  'host' => 'www.sugo.com',
)
[ info ] [ PARAM ] array (
)
[ info ] [ RUN ] app\index\controller\Index->index[ D:\phpStudy\WWW\sugoo\admin\application\index\controller\Index.php ]
[ info ] [ VIEW ] D:\phpStudy\WWW\sugoo\admin\public/../application/index\view\index\index.html [ array (
) ]
[ info ] [ LOG ] INIT File
---------------------------------------------------------------
[ 2018-01-09T16:39:45+08:00 ] 127.0.0.1 127.0.0.1 GET /admin/public/www.sugo.com/admin/public/static/css/public.css
[ info ] www.sugo.com/admin/public/www.sugo.com/admin/public/static/css/public.css [运行时间：0.029002s][吞吐率：34.48req/s] [内存消耗：1,144.36kb] [文件加载：40]
[ info ] [ LANG ] D:\phpStudy\WWW\sugoo\admin\thinkphp\lang\zh-cn.php
[ info ] [ ROUTE ] array (
  'type' => 'module',
  'module' => 
  array (
    0 => 'www.sugo.com',
    1 => 'admin',
    2 => 'public',
  ),
)
[ info ] [ HEADER ] array (
  'cookie' => 'laravel_session=eyJpdiI6IlwvTkJGaVN4MzhSZndKRnJJTElYOTR3PT0iLCJ2YWx1ZSI6IkJ5dUd4cEsrN2d6MTVrU01ITnZIaG5VQjVCTENDcU9ib0NMSTNSeXIzXC9rblB2XC9FRWp6ZW1TVkpkMXpHZWt0eSt2Zm8waExjRkxBY05ieVNQcVc0Tmc9PSIsIm1hYyI6IjJiMGJlOWE4OTQzNjU5YzZkZTJhMDFkZjQ4ZTE5NmM5NGE1YWY3NTczY2IzZWRiMDA2Y2Q1OTMxMTI2ZTIzYTYifQ%3D%3D',
  'accept-language' => 'zh-CN,zh;q=0.9',
  'accept-encoding' => 'gzip, deflate',
  'referer' => 'http://www.sugo.com/admin/public/',
  'accept' => 'text/css,*/*;q=0.1',
  'user-agent' => 'Mozilla/5.0 (Windows NT 6.1; WOW64) AppleWebKit/537.36 (KHTML, like Gecko) Chrome/63.0.3239.84 Safari/537.36',
  'connection' => 'close',
  'host' => 'www.sugo.com',
)
[ info ] [ PARAM ] array (
  'static' => 'css',
)
[ info ] [ LOG ] INIT File
---------------------------------------------------------------
[ 2018-01-09T16:39:57+08:00 ] 127.0.0.1 127.0.0.1 GET /admin/public/
[ info ] www.sugo.com/admin/public/ [运行时间：0.022001s][吞吐率：45.45req/s] [内存消耗：1,385.60kb] [文件加载：46]
[ info ] [ LANG ] D:\phpStudy\WWW\sugoo\admin\thinkphp\lang\zh-cn.php
[ info ] [ ROUTE ] array (
  'type' => 'module',
  'module' => 
  array (
    0 => '',
    1 => NULL,
    2 => NULL,
  ),
)
[ info ] [ HEADER ] array (
  'cookie' => 'laravel_session=eyJpdiI6IlwvTkJGaVN4MzhSZndKRnJJTElYOTR3PT0iLCJ2YWx1ZSI6IkJ5dUd4cEsrN2d6MTVrU01ITnZIaG5VQjVCTENDcU9ib0NMSTNSeXIzXC9rblB2XC9FRWp6ZW1TVkpkMXpHZWt0eSt2Zm8waExjRkxBY05ieVNQcVc0Tmc9PSIsIm1hYyI6IjJiMGJlOWE4OTQzNjU5YzZkZTJhMDFkZjQ4ZTE5NmM5NGE1YWY3NTczY2IzZWRiMDA2Y2Q1OTMxMTI2ZTIzYTYifQ%3D%3D',
  'accept-language' => 'zh-CN,zh;q=0.9',
  'accept-encoding' => 'gzip, deflate',
  'accept' => 'text/html,application/xhtml+xml,application/xml;q=0.9,image/webp,image/apng,*/*;q=0.8',
  'upgrade-insecure-requests' => '1',
  'user-agent' => 'Mozilla/5.0 (Windows NT 6.1; WOW64) AppleWebKit/537.36 (KHTML, like Gecko) Chrome/63.0.3239.84 Safari/537.36',
  'cache-control' => 'max-age=0',
  'connection' => 'close',
  'host' => 'www.sugo.com',
)
[ info ] [ PARAM ] array (
)
[ info ] [ RUN ] app\index\controller\Index->index[ D:\phpStudy\WWW\sugoo\admin\application\index\controller\Index.php ]
[ info ] [ VIEW ] D:\phpStudy\WWW\sugoo\admin\public/../application/index\view\index\index.html [ array (
) ]
[ info ] [ LOG ] INIT File
---------------------------------------------------------------
[ 2018-01-09T16:39:57+08:00 ] 127.0.0.1 127.0.0.1 GET /admin/public/admin/public/static/css/public.css
[ info ] www.sugo.com/admin/public/admin/public/static/css/public.css [运行时间：0.024001s][吞吐率：41.66req/s] [内存消耗：1,144.29kb] [文件加载：40]
[ info ] [ LANG ] D:\phpStudy\WWW\sugoo\admin\thinkphp\lang\zh-cn.php
[ info ] [ ROUTE ] array (
  'type' => 'module',
  'module' => 
  array (
    0 => 'admin',
    1 => 'public',
    2 => 'static',
  ),
)
[ info ] [ HEADER ] array (
  'cookie' => 'laravel_session=eyJpdiI6IlwvTkJGaVN4MzhSZndKRnJJTElYOTR3PT0iLCJ2YWx1ZSI6IkJ5dUd4cEsrN2d6MTVrU01ITnZIaG5VQjVCTENDcU9ib0NMSTNSeXIzXC9rblB2XC9FRWp6ZW1TVkpkMXpHZWt0eSt2Zm8waExjRkxBY05ieVNQcVc0Tmc9PSIsIm1hYyI6IjJiMGJlOWE4OTQzNjU5YzZkZTJhMDFkZjQ4ZTE5NmM5NGE1YWY3NTczY2IzZWRiMDA2Y2Q1OTMxMTI2ZTIzYTYifQ%3D%3D',
  'accept-language' => 'zh-CN,zh;q=0.9',
  'accept-encoding' => 'gzip, deflate',
  'referer' => 'http://www.sugo.com/admin/public/',
  'accept' => 'text/css,*/*;q=0.1',
  'user-agent' => 'Mozilla/5.0 (Windows NT 6.1; WOW64) AppleWebKit/537.36 (KHTML, like Gecko) Chrome/63.0.3239.84 Safari/537.36',
  'connection' => 'close',
  'host' => 'www.sugo.com',
)
[ info ] [ PARAM ] array (
  'css' => 'public.css',
)
[ info ] [ LOG ] INIT File
---------------------------------------------------------------
[ 2018-01-09T16:39:59+08:00 ] 127.0.0.1 127.0.0.1 GET /admin/public/
[ info ] www.sugo.com/admin/public/ [运行时间：0.028002s][吞吐率：35.71req/s] [内存消耗：1,385.60kb] [文件加载：46]
[ info ] [ LANG ] D:\phpStudy\WWW\sugoo\admin\thinkphp\lang\zh-cn.php
[ info ] [ ROUTE ] array (
  'type' => 'module',
  'module' => 
  array (
    0 => '',
    1 => NULL,
    2 => NULL,
  ),
)
[ info ] [ HEADER ] array (
  'cookie' => 'laravel_session=eyJpdiI6IlwvTkJGaVN4MzhSZndKRnJJTElYOTR3PT0iLCJ2YWx1ZSI6IkJ5dUd4cEsrN2d6MTVrU01ITnZIaG5VQjVCTENDcU9ib0NMSTNSeXIzXC9rblB2XC9FRWp6ZW1TVkpkMXpHZWt0eSt2Zm8waExjRkxBY05ieVNQcVc0Tmc9PSIsIm1hYyI6IjJiMGJlOWE4OTQzNjU5YzZkZTJhMDFkZjQ4ZTE5NmM5NGE1YWY3NTczY2IzZWRiMDA2Y2Q1OTMxMTI2ZTIzYTYifQ%3D%3D',
  'accept-language' => 'zh-CN,zh;q=0.9',
  'accept-encoding' => 'gzip, deflate',
  'accept' => 'text/html,application/xhtml+xml,application/xml;q=0.9,image/webp,image/apng,*/*;q=0.8',
  'upgrade-insecure-requests' => '1',
  'user-agent' => 'Mozilla/5.0 (Windows NT 6.1; WOW64) AppleWebKit/537.36 (KHTML, like Gecko) Chrome/63.0.3239.84 Safari/537.36',
  'cache-control' => 'max-age=0',
  'connection' => 'close',
  'host' => 'www.sugo.com',
)
[ info ] [ PARAM ] array (
)
[ info ] [ RUN ] app\index\controller\Index->index[ D:\phpStudy\WWW\sugoo\admin\application\index\controller\Index.php ]
[ info ] [ VIEW ] D:\phpStudy\WWW\sugoo\admin\public/../application/index\view\index\index.html [ array (
) ]
[ info ] [ LOG ] INIT File
---------------------------------------------------------------
[ 2018-01-09T16:39:59+08:00 ] 127.0.0.1 127.0.0.1 GET /admin/public/admin/public/static/css/public.css
[ info ] www.sugo.com/admin/public/admin/public/static/css/public.css [运行时间：0.024001s][吞吐率：41.66req/s] [内存消耗：1,144.29kb] [文件加载：40]
[ info ] [ LANG ] D:\phpStudy\WWW\sugoo\admin\thinkphp\lang\zh-cn.php
[ info ] [ ROUTE ] array (
  'type' => 'module',
  'module' => 
  array (
    0 => 'admin',
    1 => 'public',
    2 => 'static',
  ),
)
[ info ] [ HEADER ] array (
  'cookie' => 'laravel_session=eyJpdiI6IlwvTkJGaVN4MzhSZndKRnJJTElYOTR3PT0iLCJ2YWx1ZSI6IkJ5dUd4cEsrN2d6MTVrU01ITnZIaG5VQjVCTENDcU9ib0NMSTNSeXIzXC9rblB2XC9FRWp6ZW1TVkpkMXpHZWt0eSt2Zm8waExjRkxBY05ieVNQcVc0Tmc9PSIsIm1hYyI6IjJiMGJlOWE4OTQzNjU5YzZkZTJhMDFkZjQ4ZTE5NmM5NGE1YWY3NTczY2IzZWRiMDA2Y2Q1OTMxMTI2ZTIzYTYifQ%3D%3D',
  'accept-language' => 'zh-CN,zh;q=0.9',
  'accept-encoding' => 'gzip, deflate',
  'referer' => 'http://www.sugo.com/admin/public/',
  'accept' => 'text/css,*/*;q=0.1',
  'user-agent' => 'Mozilla/5.0 (Windows NT 6.1; WOW64) AppleWebKit/537.36 (KHTML, like Gecko) Chrome/63.0.3239.84 Safari/537.36',
  'connection' => 'close',
  'host' => 'www.sugo.com',
)
[ info ] [ PARAM ] array (
  'css' => 'public.css',
)
[ info ] [ LOG ] INIT File
---------------------------------------------------------------
[ 2018-01-09T16:40:15+08:00 ] 127.0.0.1 127.0.0.1 GET /admin/public/
[ info ] www.sugo.com/admin/public/ [运行时间：0.028001s][吞吐率：35.71req/s] [内存消耗：1,384.30kb] [文件加载：46]
[ info ] [ LANG ] D:\phpStudy\WWW\sugoo\admin\thinkphp\lang\zh-cn.php
[ info ] [ ROUTE ] array (
  'type' => 'module',
  'module' => 
  array (
    0 => '',
    1 => NULL,
    2 => NULL,
  ),
)
[ info ] [ HEADER ] array (
  'accept-language' => 'zh-CN,zh;q=0.9',
  'accept-encoding' => 'gzip, deflate',
  'accept' => 'text/html,application/xhtml+xml,application/xml;q=0.9,image/webp,image/apng,*/*;q=0.8',
  'upgrade-insecure-requests' => '1',
  'user-agent' => 'Mozilla/5.0 (Windows NT 6.1; WOW64) AppleWebKit/537.36 (KHTML, like Gecko) Chrome/63.0.3239.84 Safari/537.36',
  'cache-control' => 'max-age=0',
  'connection' => 'close',
  'host' => 'www.sugo.com',
)
[ info ] [ PARAM ] array (
)
[ info ] [ RUN ] app\index\controller\Index->index[ D:\phpStudy\WWW\sugoo\admin\application\index\controller\Index.php ]
[ info ] [ VIEW ] D:\phpStudy\WWW\sugoo\admin\public/../application/index\view\index\index.html [ array (
) ]
[ info ] [ LOG ] INIT File
---------------------------------------------------------------
[ 2018-01-09T16:40:15+08:00 ] 127.0.0.1 127.0.0.1 GET /admin/public/admin/public/static/css/public.css
[ info ] www.sugo.com/admin/public/admin/public/static/css/public.css [运行时间：0.026001s][吞吐率：38.46req/s] [内存消耗：1,142.95kb] [文件加载：40]
[ info ] [ LANG ] D:\phpStudy\WWW\sugoo\admin\thinkphp\lang\zh-cn.php
[ info ] [ ROUTE ] array (
  'type' => 'module',
  'module' => 
  array (
    0 => 'admin',
    1 => 'public',
    2 => 'static',
  ),
)
[ info ] [ HEADER ] array (
  'accept-language' => 'zh-CN,zh;q=0.9',
  'accept-encoding' => 'gzip, deflate',
  'referer' => 'http://www.sugo.com/admin/public/',
  'accept' => 'text/css,*/*;q=0.1',
  'user-agent' => 'Mozilla/5.0 (Windows NT 6.1; WOW64) AppleWebKit/537.36 (KHTML, like Gecko) Chrome/63.0.3239.84 Safari/537.36',
  'connection' => 'close',
  'host' => 'www.sugo.com',
)
[ info ] [ PARAM ] array (
  'css' => 'public.css',
)
[ info ] [ LOG ] INIT File
---------------------------------------------------------------
[ 2018-01-09T16:40:17+08:00 ] 127.0.0.1 127.0.0.1 GET /admin/public/
[ info ] www.sugo.com/admin/public/ [运行时间：0.031001s][吞吐率：32.26req/s] [内存消耗：1,384.30kb] [文件加载：46]
[ info ] [ LANG ] D:\phpStudy\WWW\sugoo\admin\thinkphp\lang\zh-cn.php
[ info ] [ ROUTE ] array (
  'type' => 'module',
  'module' => 
  array (
    0 => '',
    1 => NULL,
    2 => NULL,
  ),
)
[ info ] [ HEADER ] array (
  'accept-language' => 'zh-CN,zh;q=0.9',
  'accept-encoding' => 'gzip, deflate',
  'accept' => 'text/html,application/xhtml+xml,application/xml;q=0.9,image/webp,image/apng,*/*;q=0.8',
  'upgrade-insecure-requests' => '1',
  'user-agent' => 'Mozilla/5.0 (Windows NT 6.1; WOW64) AppleWebKit/537.36 (KHTML, like Gecko) Chrome/63.0.3239.84 Safari/537.36',
  'cache-control' => 'max-age=0',
  'connection' => 'close',
  'host' => 'www.sugo.com',
)
[ info ] [ PARAM ] array (
)
[ info ] [ RUN ] app\index\controller\Index->index[ D:\phpStudy\WWW\sugoo\admin\application\index\controller\Index.php ]
[ info ] [ VIEW ] D:\phpStudy\WWW\sugoo\admin\public/../application/index\view\index\index.html [ array (
) ]
[ info ] [ LOG ] INIT File
---------------------------------------------------------------
[ 2018-01-09T16:40:17+08:00 ] 127.0.0.1 127.0.0.1 GET /admin/public/admin/public/static/css/public.css
[ info ] www.sugo.com/admin/public/admin/public/static/css/public.css [运行时间：0.024002s][吞吐率：41.66req/s] [内存消耗：1,142.95kb] [文件加载：40]
[ info ] [ LANG ] D:\phpStudy\WWW\sugoo\admin\thinkphp\lang\zh-cn.php
[ info ] [ ROUTE ] array (
  'type' => 'module',
  'module' => 
  array (
    0 => 'admin',
    1 => 'public',
    2 => 'static',
  ),
)
[ info ] [ HEADER ] array (
  'accept-language' => 'zh-CN,zh;q=0.9',
  'accept-encoding' => 'gzip, deflate',
  'referer' => 'http://www.sugo.com/admin/public/',
  'accept' => 'text/css,*/*;q=0.1',
  'user-agent' => 'Mozilla/5.0 (Windows NT 6.1; WOW64) AppleWebKit/537.36 (KHTML, like Gecko) Chrome/63.0.3239.84 Safari/537.36',
  'connection' => 'close',
  'host' => 'www.sugo.com',
)
[ info ] [ PARAM ] array (
  'css' => 'public.css',
)
[ info ] [ LOG ] INIT File
---------------------------------------------------------------
[ 2018-01-09T16:40:19+08:00 ] 127.0.0.1 127.0.0.1 GET /admin/public/
[ info ] www.sugo.com/admin/public/ [运行时间：0.025001s][吞吐率：40.00req/s] [内存消耗：1,384.30kb] [文件加载：46]
[ info ] [ LANG ] D:\phpStudy\WWW\sugoo\admin\thinkphp\lang\zh-cn.php
[ info ] [ ROUTE ] array (
  'type' => 'module',
  'module' => 
  array (
    0 => '',
    1 => NULL,
    2 => NULL,
  ),
)
[ info ] [ HEADER ] array (
  'accept-language' => 'zh-CN,zh;q=0.9',
  'accept-encoding' => 'gzip, deflate',
  'accept' => 'text/html,application/xhtml+xml,application/xml;q=0.9,image/webp,image/apng,*/*;q=0.8',
  'upgrade-insecure-requests' => '1',
  'user-agent' => 'Mozilla/5.0 (Windows NT 6.1; WOW64) AppleWebKit/537.36 (KHTML, like Gecko) Chrome/63.0.3239.84 Safari/537.36',
  'cache-control' => 'max-age=0',
  'connection' => 'close',
  'host' => 'www.sugo.com',
)
[ info ] [ PARAM ] array (
)
[ info ] [ RUN ] app\index\controller\Index->index[ D:\phpStudy\WWW\sugoo\admin\application\index\controller\Index.php ]
[ info ] [ VIEW ] D:\phpStudy\WWW\sugoo\admin\public/../application/index\view\index\index.html [ array (
) ]
[ info ] [ LOG ] INIT File
---------------------------------------------------------------
[ 2018-01-09T16:40:19+08:00 ] 127.0.0.1 127.0.0.1 GET /admin/public/admin/public/static/css/public.css
[ info ] www.sugo.com/admin/public/admin/public/static/css/public.css [运行时间：0.024001s][吞吐率：41.66req/s] [内存消耗：1,142.95kb] [文件加载：40]
[ info ] [ LANG ] D:\phpStudy\WWW\sugoo\admin\thinkphp\lang\zh-cn.php
[ info ] [ ROUTE ] array (
  'type' => 'module',
  'module' => 
  array (
    0 => 'admin',
    1 => 'public',
    2 => 'static',
  ),
)
[ info ] [ HEADER ] array (
  'accept-language' => 'zh-CN,zh;q=0.9',
  'accept-encoding' => 'gzip, deflate',
  'referer' => 'http://www.sugo.com/admin/public/',
  'accept' => 'text/css,*/*;q=0.1',
  'user-agent' => 'Mozilla/5.0 (Windows NT 6.1; WOW64) AppleWebKit/537.36 (KHTML, like Gecko) Chrome/63.0.3239.84 Safari/537.36',
  'connection' => 'close',
  'host' => 'www.sugo.com',
)
[ info ] [ PARAM ] array (
  'css' => 'public.css',
)
[ info ] [ LOG ] INIT File
---------------------------------------------------------------
[ 2018-01-09T16:40:34+08:00 ] 127.0.0.1 127.0.0.1 GET /admin/public/
[ info ] www.sugo.com/admin/public/ [运行时间：0.026001s][吞吐率：38.46req/s] [内存消耗：1,384.29kb] [文件加载：46]
[ info ] [ LANG ] D:\phpStudy\WWW\sugoo\admin\thinkphp\lang\zh-cn.php
[ info ] [ ROUTE ] array (
  'type' => 'module',
  'module' => 
  array (
    0 => '',
    1 => NULL,
    2 => NULL,
  ),
)
[ info ] [ HEADER ] array (
  'accept-language' => 'zh-CN,zh;q=0.9',
  'accept-encoding' => 'gzip, deflate',
  'accept' => 'text/html,application/xhtml+xml,application/xml;q=0.9,image/webp,image/apng,*/*;q=0.8',
  'upgrade-insecure-requests' => '1',
  'user-agent' => 'Mozilla/5.0 (Windows NT 6.1; WOW64) AppleWebKit/537.36 (KHTML, like Gecko) Chrome/63.0.3239.84 Safari/537.36',
  'cache-control' => 'max-age=0',
  'connection' => 'close',
  'host' => 'www.sugo.com',
)
[ info ] [ PARAM ] array (
)
[ info ] [ RUN ] app\index\controller\Index->index[ D:\phpStudy\WWW\sugoo\admin\application\index\controller\Index.php ]
[ info ] [ VIEW ] D:\phpStudy\WWW\sugoo\admin\public/../application/index\view\index\index.html [ array (
) ]
[ info ] [ LOG ] INIT File
---------------------------------------------------------------
[ 2018-01-09T16:40:34+08:00 ] 127.0.0.1 127.0.0.1 GET /admin/public/admin/public/static/css/public.css
[ info ] www.sugo.com/admin/public/admin/public/static/css/public.css [运行时间：0.028002s][吞吐率：35.71req/s] [内存消耗：1,142.95kb] [文件加载：40]
[ info ] [ LANG ] D:\phpStudy\WWW\sugoo\admin\thinkphp\lang\zh-cn.php
[ info ] [ ROUTE ] array (
  'type' => 'module',
  'module' => 
  array (
    0 => 'admin',
    1 => 'public',
    2 => 'static',
  ),
)
[ info ] [ HEADER ] array (
  'accept-language' => 'zh-CN,zh;q=0.9',
  'accept-encoding' => 'gzip, deflate',
  'referer' => 'http://www.sugo.com/admin/public/',
  'accept' => 'text/css,*/*;q=0.1',
  'user-agent' => 'Mozilla/5.0 (Windows NT 6.1; WOW64) AppleWebKit/537.36 (KHTML, like Gecko) Chrome/63.0.3239.84 Safari/537.36',
  'connection' => 'close',
  'host' => 'www.sugo.com',
)
[ info ] [ PARAM ] array (
  'css' => 'public.css',
)
[ info ] [ LOG ] INIT File
---------------------------------------------------------------
[ 2018-01-09T16:40:35+08:00 ] 127.0.0.1 127.0.0.1 GET /admin/public/admin/public/static/js/jquery.min.js
[ info ] www.sugo.com/admin/public/admin/public/static/js/jquery.min.js [运行时间：0.025002s][吞吐率：40.00req/s] [内存消耗：1,142.82kb] [文件加载：40]
[ info ] [ LANG ] D:\phpStudy\WWW\sugoo\admin\thinkphp\lang\zh-cn.php
[ info ] [ ROUTE ] array (
  'type' => 'module',
  'module' => 
  array (
    0 => 'admin',
    1 => 'public',
    2 => 'static',
  ),
)
[ info ] [ HEADER ] array (
  'accept-language' => 'zh-CN,zh;q=0.9',
  'accept-encoding' => 'gzip, deflate',
  'referer' => 'http://www.sugo.com/admin/public/',
  'accept' => '*/*',
  'user-agent' => 'Mozilla/5.0 (Windows NT 6.1; WOW64) AppleWebKit/537.36 (KHTML, like Gecko) Chrome/63.0.3239.84 Safari/537.36',
  'connection' => 'close',
  'host' => 'www.sugo.com',
)
[ info ] [ PARAM ] array (
  'js' => 'jquery.min.js',
)
[ info ] [ LOG ] INIT File
---------------------------------------------------------------
[ 2018-01-09T16:40:35+08:00 ] 127.0.0.1 127.0.0.1 GET /admin/public/admin/public/static/images/dclogo.gif
[ info ] www.sugo.com/admin/public/admin/public/static/images/dclogo.gif [运行时间：0.026001s][吞吐率：38.46req/s] [内存消耗：1,142.97kb] [文件加载：40]
[ info ] [ LANG ] D:\phpStudy\WWW\sugoo\admin\thinkphp\lang\zh-cn.php
[ info ] [ ROUTE ] array (
  'type' => 'module',
  'module' => 
  array (
    0 => 'admin',
    1 => 'public',
    2 => 'static',
  ),
)
[ info ] [ HEADER ] array (
  'accept-language' => 'zh-CN,zh;q=0.9',
  'accept-encoding' => 'gzip, deflate',
  'referer' => 'http://www.sugo.com/admin/public/',
  'accept' => 'image/webp,image/apng,image/*,*/*;q=0.8',
  'user-agent' => 'Mozilla/5.0 (Windows NT 6.1; WOW64) AppleWebKit/537.36 (KHTML, like Gecko) Chrome/63.0.3239.84 Safari/537.36',
  'connection' => 'close',
  'host' => 'www.sugo.com',
)
[ info ] [ PARAM ] array (
  'images' => 'dclogo.gif',
)
[ info ] [ LOG ] INIT File
---------------------------------------------------------------
[ 2018-01-09T16:40:35+08:00 ] 127.0.0.1 127.0.0.1 GET /admin/public/admin/public/static/js/global.js
[ info ] www.sugo.com/admin/public/admin/public/static/js/global.js [运行时间：0.026001s][吞吐率：38.46req/s] [内存消耗：1,142.80kb] [文件加载：40]
[ info ] [ LANG ] D:\phpStudy\WWW\sugoo\admin\thinkphp\lang\zh-cn.php
[ info ] [ ROUTE ] array (
  'type' => 'module',
  'module' => 
  array (
    0 => 'admin',
    1 => 'public',
    2 => 'static',
  ),
)
[ info ] [ HEADER ] array (
  'accept-language' => 'zh-CN,zh;q=0.9',
  'accept-encoding' => 'gzip, deflate',
  'referer' => 'http://www.sugo.com/admin/public/',
  'accept' => '*/*',
  'user-agent' => 'Mozilla/5.0 (Windows NT 6.1; WOW64) AppleWebKit/537.36 (KHTML, like Gecko) Chrome/63.0.3239.84 Safari/537.36',
  'connection' => 'close',
  'host' => 'www.sugo.com',
)
[ info ] [ PARAM ] array (
  'js' => 'global.js',
)
[ info ] [ LOG ] INIT File
---------------------------------------------------------------
[ 2018-01-09T16:40:36+08:00 ] 127.0.0.1 127.0.0.1 GET /admin/public/
[ info ] www.sugo.com/admin/public/ [运行时间：0.023001s][吞吐率：43.48req/s] [内存消耗：1,384.29kb] [文件加载：46]
[ info ] [ LANG ] D:\phpStudy\WWW\sugoo\admin\thinkphp\lang\zh-cn.php
[ info ] [ ROUTE ] array (
  'type' => 'module',
  'module' => 
  array (
    0 => '',
    1 => NULL,
    2 => NULL,
  ),
)
[ info ] [ HEADER ] array (
  'accept-language' => 'zh-CN,zh;q=0.9',
  'accept-encoding' => 'gzip, deflate',
  'accept' => 'text/html,application/xhtml+xml,application/xml;q=0.9,image/webp,image/apng,*/*;q=0.8',
  'upgrade-insecure-requests' => '1',
  'user-agent' => 'Mozilla/5.0 (Windows NT 6.1; WOW64) AppleWebKit/537.36 (KHTML, like Gecko) Chrome/63.0.3239.84 Safari/537.36',
  'cache-control' => 'max-age=0',
  'connection' => 'close',
  'host' => 'www.sugo.com',
)
[ info ] [ PARAM ] array (
)
[ info ] [ RUN ] app\index\controller\Index->index[ D:\phpStudy\WWW\sugoo\admin\application\index\controller\Index.php ]
[ info ] [ VIEW ] D:\phpStudy\WWW\sugoo\admin\public/../application/index\view\index\index.html [ array (
) ]
[ info ] [ LOG ] INIT File
---------------------------------------------------------------
[ 2018-01-09T16:40:36+08:00 ] 127.0.0.1 127.0.0.1 GET /admin/public/admin/public/static/css/public.css
[ info ] www.sugo.com/admin/public/admin/public/static/css/public.css [运行时间：0.020001s][吞吐率：50.00req/s] [内存消耗：1,142.95kb] [文件加载：40]
[ info ] [ LANG ] D:\phpStudy\WWW\sugoo\admin\thinkphp\lang\zh-cn.php
[ info ] [ ROUTE ] array (
  'type' => 'module',
  'module' => 
  array (
    0 => 'admin',
    1 => 'public',
    2 => 'static',
  ),
)
[ info ] [ HEADER ] array (
  'accept-language' => 'zh-CN,zh;q=0.9',
  'accept-encoding' => 'gzip, deflate',
  'referer' => 'http://www.sugo.com/admin/public/',
  'accept' => 'text/css,*/*;q=0.1',
  'user-agent' => 'Mozilla/5.0 (Windows NT 6.1; WOW64) AppleWebKit/537.36 (KHTML, like Gecko) Chrome/63.0.3239.84 Safari/537.36',
  'connection' => 'close',
  'host' => 'www.sugo.com',
)
[ info ] [ PARAM ] array (
  'css' => 'public.css',
)
[ info ] [ LOG ] INIT File
---------------------------------------------------------------
[ 2018-01-09T16:40:36+08:00 ] 127.0.0.1 127.0.0.1 GET /admin/public/admin/public/static/js/global.js
[ info ] www.sugo.com/admin/public/admin/public/static/js/global.js [运行时间：0.026002s][吞吐率：38.46req/s] [内存消耗：1,142.87kb] [文件加载：40]
[ info ] [ LANG ] D:\phpStudy\WWW\sugoo\admin\thinkphp\lang\zh-cn.php
[ info ] [ ROUTE ] array (
  'type' => 'module',
  'module' => 
  array (
    0 => 'admin',
    1 => 'public',
    2 => 'static',
  ),
)
[ info ] [ HEADER ] array (
  'accept-language' => 'zh-CN,zh;q=0.9',
  'accept-encoding' => 'gzip, deflate',
  'referer' => 'http://www.sugo.com/admin/public/',
  'accept' => '*/*',
  'user-agent' => 'Mozilla/5.0 (Windows NT 6.1; WOW64) AppleWebKit/537.36 (KHTML, like Gecko) Chrome/63.0.3239.84 Safari/537.36',
  'connection' => 'close',
  'host' => 'www.sugo.com',
)
[ info ] [ PARAM ] array (
  'js' => 'global.js',
)
[ info ] [ LOG ] INIT File
---------------------------------------------------------------
[ 2018-01-09T16:40:36+08:00 ] 127.0.0.1 127.0.0.1 GET /admin/public/admin/public/static/images/dclogo.gif
[ info ] www.sugo.com/admin/public/admin/public/static/images/dclogo.gif [运行时间：0.023001s][吞吐率：43.48req/s] [内存消耗：1,142.97kb] [文件加载：40]
[ info ] [ LANG ] D:\phpStudy\WWW\sugoo\admin\thinkphp\lang\zh-cn.php
[ info ] [ ROUTE ] array (
  'type' => 'module',
  'module' => 
  array (
    0 => 'admin',
    1 => 'public',
    2 => 'static',
  ),
)
[ info ] [ HEADER ] array (
  'accept-language' => 'zh-CN,zh;q=0.9',
  'accept-encoding' => 'gzip, deflate',
  'referer' => 'http://www.sugo.com/admin/public/',
  'accept' => 'image/webp,image/apng,image/*,*/*;q=0.8',
  'user-agent' => 'Mozilla/5.0 (Windows NT 6.1; WOW64) AppleWebKit/537.36 (KHTML, like Gecko) Chrome/63.0.3239.84 Safari/537.36',
  'connection' => 'close',
  'host' => 'www.sugo.com',
)
[ info ] [ PARAM ] array (
  'images' => 'dclogo.gif',
)
[ info ] [ LOG ] INIT File
---------------------------------------------------------------
[ 2018-01-09T16:40:37+08:00 ] 127.0.0.1 127.0.0.1 GET /admin/public/admin/public/static/js/jquery.min.js
[ info ] www.sugo.com/admin/public/admin/public/static/js/jquery.min.js [运行时间：0.027002s][吞吐率：37.03req/s] [内存消耗：1,142.82kb] [文件加载：40]
[ info ] [ LANG ] D:\phpStudy\WWW\sugoo\admin\thinkphp\lang\zh-cn.php
[ info ] [ ROUTE ] array (
  'type' => 'module',
  'module' => 
  array (
    0 => 'admin',
    1 => 'public',
    2 => 'static',
  ),
)
[ info ] [ HEADER ] array (
  'accept-language' => 'zh-CN,zh;q=0.9',
  'accept-encoding' => 'gzip, deflate',
  'referer' => 'http://www.sugo.com/admin/public/',
  'accept' => '*/*',
  'user-agent' => 'Mozilla/5.0 (Windows NT 6.1; WOW64) AppleWebKit/537.36 (KHTML, like Gecko) Chrome/63.0.3239.84 Safari/537.36',
  'connection' => 'close',
  'host' => 'www.sugo.com',
)
[ info ] [ PARAM ] array (
  'js' => 'jquery.min.js',
)
[ info ] [ LOG ] INIT File
---------------------------------------------------------------
[ 2018-01-09T16:40:37+08:00 ] 127.0.0.1 127.0.0.1 GET /admin/public/admin/public/static/js/global.js
[ info ] www.sugo.com/admin/public/admin/public/static/js/global.js [运行时间：0.018001s][吞吐率：55.55req/s] [内存消耗：1,142.87kb] [文件加载：40]
[ info ] [ LANG ] D:\phpStudy\WWW\sugoo\admin\thinkphp\lang\zh-cn.php
[ info ] [ ROUTE ] array (
  'type' => 'module',
  'module' => 
  array (
    0 => 'admin',
    1 => 'public',
    2 => 'static',
  ),
)
[ info ] [ HEADER ] array (
  'accept-language' => 'zh-CN,zh;q=0.9',
  'accept-encoding' => 'gzip, deflate',
  'referer' => 'http://www.sugo.com/admin/public/',
  'accept' => '*/*',
  'user-agent' => 'Mozilla/5.0 (Windows NT 6.1; WOW64) AppleWebKit/537.36 (KHTML, like Gecko) Chrome/63.0.3239.84 Safari/537.36',
  'connection' => 'close',
  'host' => 'www.sugo.com',
)
[ info ] [ PARAM ] array (
  'js' => 'global.js',
)
[ info ] [ LOG ] INIT File
---------------------------------------------------------------
[ 2018-01-09T16:40:50+08:00 ] 127.0.0.1 127.0.0.1 GET /admin/public/
[ info ] www.sugo.com/admin/public/ [运行时间：0.026001s][吞吐率：38.46req/s] [内存消耗：1,384.30kb] [文件加载：46]
[ info ] [ LANG ] D:\phpStudy\WWW\sugoo\admin\thinkphp\lang\zh-cn.php
[ info ] [ ROUTE ] array (
  'type' => 'module',
  'module' => 
  array (
    0 => '',
    1 => NULL,
    2 => NULL,
  ),
)
[ info ] [ HEADER ] array (
  'accept-language' => 'zh-CN,zh;q=0.9',
  'accept-encoding' => 'gzip, deflate',
  'accept' => 'text/html,application/xhtml+xml,application/xml;q=0.9,image/webp,image/apng,*/*;q=0.8',
  'upgrade-insecure-requests' => '1',
  'user-agent' => 'Mozilla/5.0 (Windows NT 6.1; WOW64) AppleWebKit/537.36 (KHTML, like Gecko) Chrome/63.0.3239.84 Safari/537.36',
  'cache-control' => 'max-age=0',
  'connection' => 'close',
  'host' => 'www.sugo.com',
)
[ info ] [ PARAM ] array (
)
[ info ] [ RUN ] app\index\controller\Index->index[ D:\phpStudy\WWW\sugoo\admin\application\index\controller\Index.php ]
[ info ] [ VIEW ] D:\phpStudy\WWW\sugoo\admin\public/../application/index\view\index\index.html [ array (
) ]
[ info ] [ LOG ] INIT File
---------------------------------------------------------------
[ 2018-01-09T16:40:54+08:00 ] 127.0.0.1 127.0.0.1 GET /admin/public/index/brand/index.html
[ info ] www.sugo.com/admin/public/index/brand/index.html [运行时间：0.027002s][吞吐率：37.03req/s] [内存消耗：1,529.61kb] [文件加载：48]
[ info ] [ LANG ] D:\phpStudy\WWW\sugoo\admin\thinkphp\lang\zh-cn.php
[ info ] [ ROUTE ] array (
  'type' => 'module',
  'module' => 
  array (
    0 => 'index',
    1 => 'brand',
    2 => 'index',
  ),
)
[ info ] [ HEADER ] array (
  'accept-language' => 'zh-CN,zh;q=0.9',
  'accept-encoding' => 'gzip, deflate',
  'referer' => 'http://www.sugo.com/admin/public/',
  'accept' => 'text/html,application/xhtml+xml,application/xml;q=0.9,image/webp,image/apng,*/*;q=0.8',
  'user-agent' => 'Mozilla/5.0 (Windows NT 6.1; WOW64) AppleWebKit/537.36 (KHTML, like Gecko) Chrome/63.0.3239.84 Safari/537.36',
  'upgrade-insecure-requests' => '1',
  'connection' => 'close',
  'host' => 'www.sugo.com',
)
[ info ] [ PARAM ] array (
)
[ info ] [ RUN ] app\index\controller\Brand->index[ D:\phpStudy\WWW\sugoo\admin\application\index\controller\Brand.php ]
[ info ] [ VIEW ] D:\phpStudy\WWW\sugoo\admin\public/../application/index\view\brand\brand.html [ array (
) ]
[ info ] [ LOG ] INIT File
---------------------------------------------------------------
[ 2018-01-09T16:40:55+08:00 ] 127.0.0.1 127.0.0.1 GET /admin/public/index/attr/index.html
[ info ] www.sugo.com/admin/public/index/attr/index.html [运行时间：0.028001s][吞吐率：35.71req/s] [内存消耗：1,529.66kb] [文件加载：48]
[ info ] [ LANG ] D:\phpStudy\WWW\sugoo\admin\thinkphp\lang\zh-cn.php
[ info ] [ ROUTE ] array (
  'type' => 'module',
  'module' => 
  array (
    0 => 'index',
    1 => 'attr',
    2 => 'index',
  ),
)
[ info ] [ HEADER ] array (
  'accept-language' => 'zh-CN,zh;q=0.9',
  'accept-encoding' => 'gzip, deflate',
  'referer' => 'http://www.sugo.com/admin/public/index/brand/index.html',
  'accept' => 'text/html,application/xhtml+xml,application/xml;q=0.9,image/webp,image/apng,*/*;q=0.8',
  'user-agent' => 'Mozilla/5.0 (Windows NT 6.1; WOW64) AppleWebKit/537.36 (KHTML, like Gecko) Chrome/63.0.3239.84 Safari/537.36',
  'upgrade-insecure-requests' => '1',
  'connection' => 'close',
  'host' => 'www.sugo.com',
)
[ info ] [ PARAM ] array (
)
[ info ] [ RUN ] app\index\controller\Attr->index[ D:\phpStudy\WWW\sugoo\admin\application\index\controller\Attr.php ]
[ info ] [ VIEW ] D:\phpStudy\WWW\sugoo\admin\public/../application/index\view\attr\attr.html [ array (
) ]
[ info ] [ LOG ] INIT File
---------------------------------------------------------------
[ 2018-01-09T16:40:55+08:00 ] 127.0.0.1 127.0.0.1 GET /admin/public/index/vip/index.html
[ info ] www.sugo.com/admin/public/index/vip/index.html [运行时间：0.032002s][吞吐率：31.25req/s] [内存消耗：1,510.73kb] [文件加载：48]
[ info ] [ LANG ] D:\phpStudy\WWW\sugoo\admin\thinkphp\lang\zh-cn.php
[ info ] [ ROUTE ] array (
  'type' => 'module',
  'module' => 
  array (
    0 => 'index',
    1 => 'vip',
    2 => 'index',
  ),
)
[ info ] [ HEADER ] array (
  'accept-language' => 'zh-CN,zh;q=0.9',
  'accept-encoding' => 'gzip, deflate',
  'referer' => 'http://www.sugo.com/admin/public/index/attr/index.html',
  'accept' => 'text/html,application/xhtml+xml,application/xml;q=0.9,image/webp,image/apng,*/*;q=0.8',
  'user-agent' => 'Mozilla/5.0 (Windows NT 6.1; WOW64) AppleWebKit/537.36 (KHTML, like Gecko) Chrome/63.0.3239.84 Safari/537.36',
  'upgrade-insecure-requests' => '1',
  'connection' => 'close',
  'host' => 'www.sugo.com',
)
[ info ] [ PARAM ] array (
)
[ info ] [ RUN ] app\index\controller\Vip->index[ D:\phpStudy\WWW\sugoo\admin\application\index\controller\Vip.php ]
[ info ] [ VIEW ] D:\phpStudy\WWW\sugoo\admin\public/../application/index\view\vip\vip.html [ array (
) ]
[ info ] [ LOG ] INIT File
---------------------------------------------------------------
[ 2018-01-09T16:40:56+08:00 ] 127.0.0.1 127.0.0.1 GET /admin/public/index/vip/log.html
[ info ] www.sugo.com/admin/public/index/vip/log.html [运行时间：0.024001s][吞吐率：41.67req/s] [内存消耗：1,515.79kb] [文件加载：48]
[ info ] [ LANG ] D:\phpStudy\WWW\sugoo\admin\thinkphp\lang\zh-cn.php
[ info ] [ ROUTE ] array (
  'type' => 'module',
  'module' => 
  array (
    0 => 'index',
    1 => 'vip',
    2 => 'log',
  ),
)
[ info ] [ HEADER ] array (
  'accept-language' => 'zh-CN,zh;q=0.9',
  'accept-encoding' => 'gzip, deflate',
  'referer' => 'http://www.sugo.com/admin/public/index/vip/index.html',
  'accept' => 'text/html,application/xhtml+xml,application/xml;q=0.9,image/webp,image/apng,*/*;q=0.8',
  'user-agent' => 'Mozilla/5.0 (Windows NT 6.1; WOW64) AppleWebKit/537.36 (KHTML, like Gecko) Chrome/63.0.3239.84 Safari/537.36',
  'upgrade-insecure-requests' => '1',
  'connection' => 'close',
  'host' => 'www.sugo.com',
)
[ info ] [ PARAM ] array (
)
[ info ] [ RUN ] app\index\controller\Vip->log[ D:\phpStudy\WWW\sugoo\admin\application\index\controller\Vip.php ]
[ info ] [ VIEW ] D:\phpStudy\WWW\sugoo\admin\public/../application/index\view\vip\viplist.html [ array (
) ]
[ info ] [ LOG ] INIT File
---------------------------------------------------------------
[ 2018-01-09T16:41:12+08:00 ] 127.0.0.1 127.0.0.1 GET /admin/public/index/vip/log.html
[ info ] www.sugo.com/admin/public/index/vip/log.html [运行时间：0.022002s][吞吐率：45.45req/s] [内存消耗：1,388.53kb] [文件加载：46]
[ info ] [ LANG ] D:\phpStudy\WWW\sugoo\admin\thinkphp\lang\zh-cn.php
[ info ] [ ROUTE ] array (
  'type' => 'module',
  'module' => 
  array (
    0 => 'index',
    1 => 'vip',
    2 => 'log',
  ),
)
[ info ] [ HEADER ] array (
  'accept-language' => 'zh-CN,zh;q=0.9',
  'accept-encoding' => 'gzip, deflate',
  'accept' => 'text/html,application/xhtml+xml,application/xml;q=0.9,image/webp,image/apng,*/*;q=0.8',
  'upgrade-insecure-requests' => '1',
  'user-agent' => 'Mozilla/5.0 (Windows NT 6.1; WOW64) AppleWebKit/537.36 (KHTML, like Gecko) Chrome/63.0.3239.84 Safari/537.36',
  'cache-control' => 'max-age=0',
  'connection' => 'close',
  'host' => 'www.sugo.com',
)
[ info ] [ PARAM ] array (
)
[ info ] [ RUN ] app\index\controller\Vip->log[ D:\phpStudy\WWW\sugoo\admin\application\index\controller\Vip.php ]
[ info ] [ VIEW ] D:\phpStudy\WWW\sugoo\admin\public/../application/index\view\vip\viplist.html [ array (
) ]
[ info ] [ LOG ] INIT File
---------------------------------------------------------------
[ 2018-01-09T16:41:18+08:00 ] 127.0.0.1 127.0.0.1 GET /admin/public/index/vip/log.html
[ info ] www.sugo.com/admin/public/index/vip/log.html [运行时间：0.023001s][吞吐率：43.48req/s] [内存消耗：1,388.53kb] [文件加载：46]
[ info ] [ LANG ] D:\phpStudy\WWW\sugoo\admin\thinkphp\lang\zh-cn.php
[ info ] [ ROUTE ] array (
  'type' => 'module',
  'module' => 
  array (
    0 => 'index',
    1 => 'vip',
    2 => 'log',
  ),
)
[ info ] [ HEADER ] array (
  'accept-language' => 'zh-CN,zh;q=0.9',
  'accept-encoding' => 'gzip, deflate',
  'accept' => 'text/html,application/xhtml+xml,application/xml;q=0.9,image/webp,image/apng,*/*;q=0.8',
  'upgrade-insecure-requests' => '1',
  'user-agent' => 'Mozilla/5.0 (Windows NT 6.1; WOW64) AppleWebKit/537.36 (KHTML, like Gecko) Chrome/63.0.3239.84 Safari/537.36',
  'cache-control' => 'max-age=0',
  'connection' => 'close',
  'host' => 'www.sugo.com',
)
[ info ] [ PARAM ] array (
)
[ info ] [ RUN ] app\index\controller\Vip->log[ D:\phpStudy\WWW\sugoo\admin\application\index\controller\Vip.php ]
[ info ] [ VIEW ] D:\phpStudy\WWW\sugoo\admin\public/../application/index\view\vip\viplist.html [ array (
) ]
[ info ] [ LOG ] INIT File
---------------------------------------------------------------
[ 2018-01-09T16:41:37+08:00 ] 127.0.0.1 127.0.0.1 GET /admin/public/index/goods/index.html
[ info ] www.sugo.com/admin/public/index/goods/index.html [运行时间：0.028002s][吞吐率：35.71req/s] [内存消耗：1,529.73kb] [文件加载：48]
[ info ] [ LANG ] D:\phpStudy\WWW\sugoo\admin\thinkphp\lang\zh-cn.php
[ info ] [ ROUTE ] array (
  'type' => 'module',
  'module' => 
  array (
    0 => 'index',
    1 => 'goods',
    2 => 'index',
  ),
)
[ info ] [ HEADER ] array (
  'accept-language' => 'zh-CN,zh;q=0.9',
  'accept-encoding' => 'gzip, deflate',
  'referer' => 'http://www.sugo.com/admin/public/index/vip/log.html',
  'accept' => 'text/html,application/xhtml+xml,application/xml;q=0.9,image/webp,image/apng,*/*;q=0.8',
  'user-agent' => 'Mozilla/5.0 (Windows NT 6.1; WOW64) AppleWebKit/537.36 (KHTML, like Gecko) Chrome/63.0.3239.84 Safari/537.36',
  'upgrade-insecure-requests' => '1',
  'connection' => 'close',
  'host' => 'www.sugo.com',
)
[ info ] [ PARAM ] array (
)
[ info ] [ RUN ] app\index\controller\Goods->index[ D:\phpStudy\WWW\sugoo\admin\application\index\controller\Goods.php ]
[ info ] [ VIEW ] D:\phpStudy\WWW\sugoo\admin\public/../application/index\view\goods\product.html [ array (
) ]
[ info ] [ LOG ] INIT File
---------------------------------------------------------------
[ 2018-01-09T16:41:39+08:00 ] 127.0.0.1 127.0.0.1 GET /admin/public/index/show/index.html
[ info ] www.sugo.com/admin/public/index/show/index.html [运行时间：0.025002s][吞吐率：40.00req/s] [内存消耗：1,514.36kb] [文件加载：48]
[ info ] [ LANG ] D:\phpStudy\WWW\sugoo\admin\thinkphp\lang\zh-cn.php
[ info ] [ ROUTE ] array (
  'type' => 'module',
  'module' => 
  array (
    0 => 'index',
    1 => 'show',
    2 => 'index',
  ),
)
[ info ] [ HEADER ] array (
  'accept-language' => 'zh-CN,zh;q=0.9',
  'accept-encoding' => 'gzip, deflate',
  'referer' => 'http://www.sugo.com/admin/public/index/goods/index.html',
  'accept' => 'text/html,application/xhtml+xml,application/xml;q=0.9,image/webp,image/apng,*/*;q=0.8',
  'user-agent' => 'Mozilla/5.0 (Windows NT 6.1; WOW64) AppleWebKit/537.36 (KHTML, like Gecko) Chrome/63.0.3239.84 Safari/537.36',
  'upgrade-insecure-requests' => '1',
  'connection' => 'close',
  'host' => 'www.sugo.com',
)
[ info ] [ PARAM ] array (
)
[ info ] [ RUN ] app\index\controller\Show->index[ D:\phpStudy\WWW\sugoo\admin\application\index\controller\Show.php ]
[ info ] [ VIEW ] D:\phpStudy\WWW\sugoo\admin\public/../application/index\view\show\show.html [ array (
) ]
[ info ] [ LOG ] INIT File
---------------------------------------------------------------
[ 2018-01-09T16:41:40+08:00 ] 127.0.0.1 127.0.0.1 GET /admin/public/index/system/index.html
[ info ] www.sugo.com/admin/public/index/system/index.html [运行时间：0.031002s][吞吐率：32.26req/s] [内存消耗：1,549.96kb] [文件加载：48]
[ info ] [ LANG ] D:\phpStudy\WWW\sugoo\admin\thinkphp\lang\zh-cn.php
[ info ] [ ROUTE ] array (
  'type' => 'module',
  'module' => 
  array (
    0 => 'index',
    1 => 'system',
    2 => 'index',
  ),
)
[ info ] [ HEADER ] array (
  'accept-language' => 'zh-CN,zh;q=0.9',
  'accept-encoding' => 'gzip, deflate',
  'referer' => 'http://www.sugo.com/admin/public/index/show/index.html',
  'accept' => 'text/html,application/xhtml+xml,application/xml;q=0.9,image/webp,image/apng,*/*;q=0.8',
  'user-agent' => 'Mozilla/5.0 (Windows NT 6.1; WOW64) AppleWebKit/537.36 (KHTML, like Gecko) Chrome/63.0.3239.84 Safari/537.36',
  'upgrade-insecure-requests' => '1',
  'connection' => 'close',
  'host' => 'www.sugo.com',
)
[ info ] [ PARAM ] array (
)
[ info ] [ RUN ] app\index\controller\System->index[ D:\phpStudy\WWW\sugoo\admin\application\index\controller\System.php ]
[ info ] [ VIEW ] D:\phpStudy\WWW\sugoo\admin\public/../application/index\view\system\system.html [ array (
) ]
[ info ] [ LOG ] INIT File
---------------------------------------------------------------
[ 2018-01-09T16:41:40+08:00 ] 127.0.0.1 127.0.0.1 GET /admin/public/index/system/images/icon_yes.png
[ info ] www.sugo.com/admin/public/index/system/images/icon_yes.png [运行时间：0.044002s][吞吐率：22.73req/s] [内存消耗：1,362.93kb] [文件加载：47]
[ info ] [ LANG ] D:\phpStudy\WWW\sugoo\admin\thinkphp\lang\zh-cn.php
[ info ] [ ROUTE ] array (
  'type' => 'module',
  'module' => 
  array (
    0 => 'index',
    1 => 'system',
    2 => 'images',
  ),
)
[ info ] [ HEADER ] array (
  'accept-language' => 'zh-CN,zh;q=0.9',
  'accept-encoding' => 'gzip, deflate',
  'referer' => 'http://www.sugo.com/admin/public/index/system/index.html',
  'accept' => 'image/webp,image/apng,image/*,*/*;q=0.8',
  'user-agent' => 'Mozilla/5.0 (Windows NT 6.1; WOW64) AppleWebKit/537.36 (KHTML, like Gecko) Chrome/63.0.3239.84 Safari/537.36',
  'connection' => 'close',
  'host' => 'www.sugo.com',
)
[ info ] [ PARAM ] array (
)
[ info ] [ LOG ] INIT File
---------------------------------------------------------------
[ 2018-01-09T16:41:55+08:00 ] 127.0.0.1 127.0.0.1 GET /admin/public/index/marketing/index.html
[ info ] www.sugo.com/admin/public/index/marketing/index.html [运行时间：0.023001s][吞吐率：43.48req/s] [内存消耗：1,529.86kb] [文件加载：48]
[ info ] [ LANG ] D:\phpStudy\WWW\sugoo\admin\thinkphp\lang\zh-cn.php
[ info ] [ ROUTE ] array (
  'type' => 'module',
  'module' => 
  array (
    0 => 'index',
    1 => 'marketing',
    2 => 'index',
  ),
)
[ info ] [ HEADER ] array (
  'accept-language' => 'zh-CN,zh;q=0.9',
  'accept-encoding' => 'gzip, deflate',
  'referer' => 'http://www.sugo.com/admin/public/index/system/index.html',
  'accept' => 'text/html,application/xhtml+xml,application/xml;q=0.9,image/webp,image/apng,*/*;q=0.8',
  'user-agent' => 'Mozilla/5.0 (Windows NT 6.1; WOW64) AppleWebKit/537.36 (KHTML, like Gecko) Chrome/63.0.3239.84 Safari/537.36',
  'upgrade-insecure-requests' => '1',
  'connection' => 'close',
  'host' => 'www.sugo.com',
)
[ info ] [ PARAM ] array (
)
[ info ] [ RUN ] app\index\controller\Marketing->index[ D:\phpStudy\WWW\sugoo\admin\application\index\controller\Marketing.php ]
[ info ] [ VIEW ] D:\phpStudy\WWW\sugoo\admin\public/../application/index\view\marketing\marketing.html [ array (
) ]
[ info ] [ LOG ] INIT File
