---------------------------------------------------------------
[ 2017-12-01T15:16:47+08:00 ] ::1 ::1 GET /git/public/
[ error ] [1]Class 'app\index\controller\controller' not found
---------------------------------------------------------------
[ 2017-12-01T15:17:01+08:00 ] ::1 ::1 GET /git/public/index.php/index/index
[ error ] [1]Class 'app\index\controller\controller' not found
---------------------------------------------------------------
[ 2017-12-01T15:17:47+08:00 ] ::1 ::1 GET /git/public/index.php/index/index
[ error ] [1]Class 'app\index\controller\controller' not found
---------------------------------------------------------------
[ 2017-12-01T15:17:51+08:00 ] ::1 ::1 GET /git/public/
[ error ] [1]Class 'app\index\controller\controller' not found
---------------------------------------------------------------
[ 2017-12-01T15:17:59+08:00 ] ::1 ::1 GET /git/public/
[ error ] [1]Class 'app\index\controller\controller' not found
---------------------------------------------------------------
[ 2017-12-01T15:19:09+08:00 ] ::1 ::1 GET /git/public/
[ error ] [0]模板文件不存在:F:\phpstudy\WWW\git\public/../application/index\view\index\show.html
---------------------------------------------------------------
[ 2017-12-01T15:26:01+08:00 ] ::1 ::1 GET /git/public/index.php/index/index
[ error ] [1]Class 'app\index\model\User' not found
---------------------------------------------------------------
[ 2017-12-01T15:26:09+08:00 ] ::1 ::1 GET /git/public/index.php/index/index/index/
[ error ] [1]Class 'app\index\model\User' not found
---------------------------------------------------------------
[ 2017-12-01T15:26:38+08:00 ] ::1 ::1 GET /git/public/index.php/index/index/index/
[ error ] [1]Class 'app\index\model\User' not found
---------------------------------------------------------------
[ 2017-12-01T15:27:15+08:00 ] ::1 ::1 GET /git/public/index.php/index/index/index/
[ error ] [1]Class 'app\index\model\User' not found
---------------------------------------------------------------
[ 2017-12-01T15:27:37+08:00 ] ::1 ::1 GET /git/public/index.php/index/index/index/
[ error ] [1]Class 'app\index\model\User' not found
---------------------------------------------------------------
[ 2017-12-01T15:28:15+08:00 ] ::1 ::1 GET /git/public/index.php/index/index/index/
[ error ] [1]Class 'app\index\model\User' not found
---------------------------------------------------------------
[ 2017-12-01T15:31:24+08:00 ] ::1 ::1 GET /git/public/index.php/index/index/index/
[ error ] [1]Class 'app\index\model\User' not found
---------------------------------------------------------------
[ 2017-12-01T15:31:30+08:00 ] ::1 ::1 GET /git/public/index.php/index/index/index/
[ error ] [1]Class 'app\index\model\User' not found
---------------------------------------------------------------
[ 2017-12-01T15:36:39+08:00 ] ::1 ::1 GET /git/public/index.php/index/index/index/
[ error ] [1]Class 'app\index\model\User' not found
---------------------------------------------------------------
[ 2017-12-01T15:37:09+08:00 ] ::1 ::1 GET /git/public/index.php/index/index/index/
[ error ] [1]Class 'app\index\model\User' not found
---------------------------------------------------------------
[ 2017-12-01T15:48:12+08:00 ] ::1 ::1 GET /git/public/index.php/index/index/index/
[ error ] [1]Class 'app\index\controller\User' not found
---------------------------------------------------------------
[ 2017-12-01T15:48:46+08:00 ] ::1 ::1 GET /git/public/index.php/index/index/index/
[ error ] [1]Class 'app\index\controller\User' not found
---------------------------------------------------------------
[ 2017-12-01T15:51:44+08:00 ] ::1 ::1 GET /git/public/index.php/index/index/index/
[ error ] [1]Class 'app\index\model\User' not found
---------------------------------------------------------------
[ 2017-12-01T15:52:50+08:00 ] ::1 ::1 GET /git/public/index.php/index/index/index/
[ error ] [1]Class 'app\index\model\User' not found
---------------------------------------------------------------
[ 2017-12-01T16:03:00+08:00 ] ::1 ::1 GET /git/public/index.php/index/index/index.html
[ error ] [4]语法错误: unexpected 'list' (T_LIST), expecting identifier (T_STRING)
---------------------------------------------------------------
[ 2017-12-01T16:03:13+08:00 ] ::1 ::1 GET /git/public/index.php/index/index/index/
[ error ] [4]语法错误: unexpected 'list' (T_LIST), expecting identifier (T_STRING)
---------------------------------------------------------------
[ 2017-12-01T16:03:16+08:00 ] ::1 ::1 GET /git/public/index.php/index/index/index/
[ error ] [4]语法错误: unexpected 'list' (T_LIST), expecting identifier (T_STRING)
---------------------------------------------------------------
[ 2017-12-01T16:03:23+08:00 ] ::1 ::1 GET /git/public/index.php/index/index/index/
[ error ] [4]语法错误: unexpected 'list' (T_LIST), expecting identifier (T_STRING)
---------------------------------------------------------------
[ 2017-12-01T16:03:43+08:00 ] ::1 ::1 GET /git/public/index.php/index/index/index.html
[ error ] [4]语法错误: unexpected 'list' (T_LIST), expecting identifier (T_STRING)
---------------------------------------------------------------
[ 2017-12-01T16:03:44+08:00 ] ::1 ::1 GET /git/public/index.php/index/index/index/
[ error ] [4]语法错误: unexpected 'list' (T_LIST), expecting identifier (T_STRING)
---------------------------------------------------------------
[ 2017-12-01T16:03:44+08:00 ] ::1 ::1 GET /git/public/index.php/index/index/list.html
[ error ] [4]语法错误: unexpected 'list' (T_LIST), expecting identifier (T_STRING)
---------------------------------------------------------------
[ 2017-12-01T16:03:44+08:00 ] ::1 ::1 GET /git/public/index.php/index/index/index/
[ error ] [4]语法错误: unexpected 'list' (T_LIST), expecting identifier (T_STRING)
---------------------------------------------------------------
[ 2017-12-01T16:03:44+08:00 ] ::1 ::1 GET /git/public/index.php/index/index/list.html
[ error ] [4]语法错误: unexpected 'list' (T_LIST), expecting identifier (T_STRING)
---------------------------------------------------------------
[ 2017-12-01T16:03:44+08:00 ] ::1 ::1 GET /git/public/index.php/index/index/index/
[ error ] [4]语法错误: unexpected 'list' (T_LIST), expecting identifier (T_STRING)
---------------------------------------------------------------
[ 2017-12-01T16:03:47+08:00 ] ::1 ::1 GET /git/public/index.php/index/index/index/
[ error ] [4]语法错误: unexpected 'list' (T_LIST), expecting identifier (T_STRING)
---------------------------------------------------------------
[ 2017-12-01T16:03:49+08:00 ] ::1 ::1 GET /git/public/index.php/index/index/index/
[ error ] [4]语法错误: unexpected 'list' (T_LIST), expecting identifier (T_STRING)
---------------------------------------------------------------
[ 2017-12-01T16:04:14+08:00 ] ::1 ::1 GET /git/public/index.php/index/index/list/
[ error ] [4]语法错误: unexpected 'list' (T_LIST), expecting identifier (T_STRING)
---------------------------------------------------------------
[ 2017-12-01T16:04:17+08:00 ] ::1 ::1 GET /git/public/index.php/index/index/list/
[ error ] [4]语法错误: unexpected 'list' (T_LIST), expecting identifier (T_STRING)
---------------------------------------------------------------
[ 2017-12-01T16:04:51+08:00 ] ::1 ::1 GET /git/public/index.php/index/index/index/
[ error ] [4]语法错误: unexpected 'list' (T_LIST), expecting identifier (T_STRING)
---------------------------------------------------------------
[ 2017-12-01T16:04:54+08:00 ] ::1 ::1 GET /git/public/index.php/index/index/index/
[ error ] [4]语法错误: unexpected 'list' (T_LIST), expecting identifier (T_STRING)
---------------------------------------------------------------
[ 2017-12-01T16:04:59+08:00 ] ::1 ::1 GET /git/public/index.php/index/index/index/
[ error ] [4]语法错误: unexpected 'list' (T_LIST), expecting identifier (T_STRING)
---------------------------------------------------------------
[ 2017-12-01T16:05:00+08:00 ] ::1 ::1 GET /git/public/index.php/index/index/index/
[ error ] [4]语法错误: unexpected 'list' (T_LIST), expecting identifier (T_STRING)
---------------------------------------------------------------
[ 2017-12-01T16:05:00+08:00 ] ::1 ::1 GET /git/public/index.php/index/index/index/
[ error ] [4]语法错误: unexpected 'list' (T_LIST), expecting identifier (T_STRING)
---------------------------------------------------------------
[ 2017-12-01T16:05:00+08:00 ] ::1 ::1 GET /git/public/index.php/index/index/index/
[ error ] [4]语法错误: unexpected 'list' (T_LIST), expecting identifier (T_STRING)
---------------------------------------------------------------
[ 2017-12-01T16:05:00+08:00 ] ::1 ::1 GET /git/public/index.php/index/index/index/
[ error ] [4]语法错误: unexpected 'list' (T_LIST), expecting identifier (T_STRING)
---------------------------------------------------------------
[ 2017-12-01T16:05:01+08:00 ] ::1 ::1 GET /git/public/index.php/index/index/index/
[ error ] [4]语法错误: unexpected 'list' (T_LIST), expecting identifier (T_STRING)
---------------------------------------------------------------
[ 2017-12-01T16:05:01+08:00 ] ::1 ::1 GET /git/public/index.php/index/index/index/
[ error ] [4]语法错误: unexpected 'list' (T_LIST), expecting identifier (T_STRING)
---------------------------------------------------------------
[ 2017-12-01T16:05:01+08:00 ] ::1 ::1 GET /git/public/index.php/index/index/index/
[ error ] [4]语法错误: unexpected 'list' (T_LIST), expecting identifier (T_STRING)
---------------------------------------------------------------
[ 2017-12-01T16:05:01+08:00 ] ::1 ::1 GET /git/public/index.php/index/index/index/
[ error ] [4]语法错误: unexpected 'list' (T_LIST), expecting identifier (T_STRING)
---------------------------------------------------------------
[ 2017-12-01T16:05:01+08:00 ] ::1 ::1 GET /git/public/index.php/index/index/index/
[ error ] [4]语法错误: unexpected 'list' (T_LIST), expecting identifier (T_STRING)
---------------------------------------------------------------
[ 2017-12-01T16:05:01+08:00 ] ::1 ::1 GET /git/public/index.php/index/index/index/
[ error ] [4]语法错误: unexpected 'list' (T_LIST), expecting identifier (T_STRING)
---------------------------------------------------------------
[ 2017-12-01T16:05:01+08:00 ] ::1 ::1 GET /git/public/index.php/index/index/index/
[ error ] [4]语法错误: unexpected 'list' (T_LIST), expecting identifier (T_STRING)
---------------------------------------------------------------
[ 2017-12-01T16:05:01+08:00 ] ::1 ::1 GET /git/public/index.php/index/index/index/
[ error ] [4]语法错误: unexpected 'list' (T_LIST), expecting identifier (T_STRING)
---------------------------------------------------------------
[ 2017-12-01T16:05:01+08:00 ] ::1 ::1 GET /git/public/index.php/index/index/index/
[ error ] [4]语法错误: unexpected 'list' (T_LIST), expecting identifier (T_STRING)
---------------------------------------------------------------
[ 2017-12-01T16:05:01+08:00 ] ::1 ::1 GET /git/public/index.php/index/index/index/
[ error ] [4]语法错误: unexpected 'list' (T_LIST), expecting identifier (T_STRING)
---------------------------------------------------------------
[ 2017-12-01T16:05:01+08:00 ] ::1 ::1 GET /git/public/index.php/index/index/index/
[ error ] [4]语法错误: unexpected 'list' (T_LIST), expecting identifier (T_STRING)
---------------------------------------------------------------
[ 2017-12-01T16:05:01+08:00 ] ::1 ::1 GET /git/public/index.php/index/index/index/
[ error ] [4]语法错误: unexpected 'list' (T_LIST), expecting identifier (T_STRING)
---------------------------------------------------------------
[ 2017-12-01T16:05:01+08:00 ] ::1 ::1 GET /git/public/index.php/index/index/index/
[ error ] [4]语法错误: unexpected 'list' (T_LIST), expecting identifier (T_STRING)
---------------------------------------------------------------
[ 2017-12-01T16:05:02+08:00 ] ::1 ::1 GET /git/public/index.php/index/index/index/
[ error ] [4]语法错误: unexpected 'list' (T_LIST), expecting identifier (T_STRING)
---------------------------------------------------------------
[ 2017-12-01T16:05:02+08:00 ] ::1 ::1 GET /git/public/index.php/index/index/index/
[ error ] [4]语法错误: unexpected 'list' (T_LIST), expecting identifier (T_STRING)
---------------------------------------------------------------
[ 2017-12-01T16:05:02+08:00 ] ::1 ::1 GET /git/public/index.php/index/index/index/
[ error ] [4]语法错误: unexpected 'list' (T_LIST), expecting identifier (T_STRING)
---------------------------------------------------------------
[ 2017-12-01T16:05:02+08:00 ] ::1 ::1 GET /git/public/index.php/index/index/index/
[ error ] [4]语法错误: unexpected 'list' (T_LIST), expecting identifier (T_STRING)
---------------------------------------------------------------
[ 2017-12-01T16:05:02+08:00 ] ::1 ::1 GET /git/public/index.php/index/index/index/
[ error ] [4]语法错误: unexpected 'list' (T_LIST), expecting identifier (T_STRING)
---------------------------------------------------------------
[ 2017-12-01T16:05:02+08:00 ] ::1 ::1 GET /git/public/index.php/index/index/index/
[ error ] [4]语法错误: unexpected 'list' (T_LIST), expecting identifier (T_STRING)
---------------------------------------------------------------
[ 2017-12-01T16:05:02+08:00 ] ::1 ::1 GET /git/public/index.php/index/index/index/
[ error ] [4]语法错误: unexpected 'list' (T_LIST), expecting identifier (T_STRING)
---------------------------------------------------------------
[ 2017-12-01T16:05:02+08:00 ] ::1 ::1 GET /git/public/index.php/index/index/index/
[ error ] [4]语法错误: unexpected 'list' (T_LIST), expecting identifier (T_STRING)
---------------------------------------------------------------
[ 2017-12-01T16:05:02+08:00 ] ::1 ::1 GET /git/public/index.php/index/index/index/
[ error ] [4]语法错误: unexpected 'list' (T_LIST), expecting identifier (T_STRING)
---------------------------------------------------------------
[ 2017-12-01T16:05:02+08:00 ] ::1 ::1 GET /git/public/index.php/index/index/index/
[ error ] [4]语法错误: unexpected 'list' (T_LIST), expecting identifier (T_STRING)
---------------------------------------------------------------
[ 2017-12-01T16:05:02+08:00 ] ::1 ::1 GET /git/public/index.php/index/index/index/
[ error ] [4]语法错误: unexpected 'list' (T_LIST), expecting identifier (T_STRING)
---------------------------------------------------------------
[ 2017-12-01T16:05:02+08:00 ] ::1 ::1 GET /git/public/index.php/index/index/index/
[ error ] [4]语法错误: unexpected 'list' (T_LIST), expecting identifier (T_STRING)
---------------------------------------------------------------
[ 2017-12-01T16:05:02+08:00 ] ::1 ::1 GET /git/public/index.php/index/index/index/
[ error ] [4]语法错误: unexpected 'list' (T_LIST), expecting identifier (T_STRING)
---------------------------------------------------------------
[ 2017-12-01T16:05:02+08:00 ] ::1 ::1 GET /git/public/index.php/index/index/index/
[ error ] [4]语法错误: unexpected 'list' (T_LIST), expecting identifier (T_STRING)
---------------------------------------------------------------
[ 2017-12-01T16:05:02+08:00 ] ::1 ::1 GET /git/public/index.php/index/index/index/
[ error ] [4]语法错误: unexpected 'list' (T_LIST), expecting identifier (T_STRING)
---------------------------------------------------------------
[ 2017-12-01T16:05:02+08:00 ] ::1 ::1 GET /git/public/index.php/index/index/index/
[ error ] [4]语法错误: unexpected 'list' (T_LIST), expecting identifier (T_STRING)
---------------------------------------------------------------
[ 2017-12-01T16:05:02+08:00 ] ::1 ::1 GET /git/public/index.php/index/index/index/
[ error ] [4]语法错误: unexpected 'list' (T_LIST), expecting identifier (T_STRING)
---------------------------------------------------------------
[ 2017-12-01T16:05:04+08:00 ] ::1 ::1 GET /git/public/index.php/index/index
[ error ] [4]语法错误: unexpected 'list' (T_LIST), expecting identifier (T_STRING)
---------------------------------------------------------------
[ 2017-12-01T16:05:04+08:00 ] ::1 ::1 GET /git/public/index.php/index/index/hello
[ error ] [4]语法错误: unexpected 'list' (T_LIST), expecting identifier (T_STRING)
---------------------------------------------------------------
[ 2017-12-01T16:05:05+08:00 ] ::1 ::1 GET /git/public/
[ error ] [4]语法错误: unexpected 'list' (T_LIST), expecting identifier (T_STRING)
---------------------------------------------------------------
[ 2017-12-01T16:05:12+08:00 ] ::1 ::1 GET /git/public/
[ error ] [4]语法错误: unexpected 'list' (T_LIST), expecting identifier (T_STRING)
---------------------------------------------------------------
[ 2017-12-01T16:05:18+08:00 ] ::1 ::1 GET /git/public/index.php/index/index
[ error ] [4]语法错误: unexpected 'list' (T_LIST), expecting identifier (T_STRING)
---------------------------------------------------------------
[ 2017-12-01T16:26:51+08:00 ] ::1 ::1 GET /git/public/index.php/index/index/show/
[ error ] [8]未定义变量: name
---------------------------------------------------------------
[ 2017-12-01T16:26:57+08:00 ] ::1 ::1 GET /git/public/index.php/index/index/show/
[ error ] [8]未定义变量: name
---------------------------------------------------------------
[ 2017-12-01T19:26:13+08:00 ] ::1 ::1 GET /git/public/index.php/index/index/index/
[ error ] [4]语法错误: unexpected 'list' (T_LIST), expecting identifier (T_STRING)
---------------------------------------------------------------
[ 2017-12-01T19:26:17+08:00 ] ::1 ::1 GET /git/public/
[ error ] [4]语法错误: unexpected 'list' (T_LIST), expecting identifier (T_STRING)
---------------------------------------------------------------
[ 2017-12-01T19:26:21+08:00 ] ::1 ::1 GET /git/public/
[ error ] [4]语法错误: unexpected 'list' (T_LIST), expecting identifier (T_STRING)
---------------------------------------------------------------
[ 2017-12-01T19:26:30+08:00 ] ::1 ::1 GET /git/public/
[ error ] [4]语法错误: unexpected 'list' (T_LIST), expecting identifier (T_STRING)
---------------------------------------------------------------
[ 2017-12-01T19:26:35+08:00 ] ::1 ::1 GET /git/public/index.php/index/index
[ error ] [4]语法错误: unexpected 'list' (T_LIST), expecting identifier (T_STRING)
---------------------------------------------------------------
[ 2017-12-01T19:28:16+08:00 ] ::1 ::1 GET /git/public/index.php/index/index
[ error ] [4]语法错误: unexpected 'list' (T_LIST), expecting identifier (T_STRING)
---------------------------------------------------------------
[ 2017-12-01T19:28:18+08:00 ] ::1 ::1 GET /git/public/
[ error ] [4]语法错误: unexpected 'list' (T_LIST), expecting identifier (T_STRING)
---------------------------------------------------------------
[ 2017-12-01T19:29:03+08:00 ] ::1 ::1 GET /git/public/
[ error ] [4]语法错误: unexpected 'list' (T_LIST), expecting identifier (T_STRING)
---------------------------------------------------------------
[ 2017-12-01T19:29:11+08:00 ] ::1 ::1 GET /git/public/
[ error ] [4]语法错误: unexpected 'list' (T_LIST), expecting identifier (T_STRING)
---------------------------------------------------------------
[ 2017-12-01T19:29:59+08:00 ] ::1 ::1 GET /git/public/
[ error ] [4]语法错误: unexpected 'list' (T_LIST), expecting identifier (T_STRING)
